[2024-04-18 09:29:23.806]:debug
[2024-04-18 09:29:23.806]:info
[2024-04-18 09:29:23.806]:warn
[2024-04-18 09:29:23.806]:error
[2024-04-18 09:29:23.806]:fatal
[2024-04-18 09:29:23.810]:qDebug
[2024-04-18 09:29:23.810]:qInfo
[2024-04-18 09:29:23.810]:qWarning
[2024-04-18 09:29:23.810]:qCritical
[2024-04-18 09:29:23.810]:DEBUG 123
[2024-04-18 09:29:23.810]:INFO
[2024-04-18 09:29:23.810]:WARN
[2024-04-18 09:29:23.810]:ERROR
[2024-04-18 09:29:23.810]:FATAL
[2024-04-18 09:29:23.925]:debug
[2024-04-18 09:29:23.925]:info
[2024-04-18 09:29:23.925]:warn
[2024-04-18 09:29:23.925]:error
[2024-04-18 09:29:23.925]:fatal
[2024-04-18 09:29:23.926]:qDebug
[2024-04-18 09:29:23.926]:qInfo
[2024-04-18 09:29:23.926]:qWarning
[2024-04-18 09:29:23.926]:qCritical
[2024-04-18 09:29:23.926]:DEBUG 123
[2024-04-18 09:29:23.926]:INFO
[2024-04-18 09:29:23.926]:WARN
[2024-04-18 09:29:23.926]:ERROR
[2024-04-18 09:29:23.926]:FATAL
[2024-04-18 09:29:24.034]:debug
[2024-04-18 09:29:24.034]:info
[2024-04-18 09:29:24.034]:warn
[2024-04-18 09:29:24.034]:error
[2024-04-18 09:29:24.034]:fatal
[2024-04-18 09:29:24.034]:qDebug
[2024-04-18 09:29:24.034]:qInfo
[2024-04-18 09:29:24.034]:qWarning
[2024-04-18 09:29:24.034]:qCritical
[2024-04-18 09:29:24.034]:DEBUG 123
[2024-04-18 09:29:24.034]:INFO
[2024-04-18 09:29:24.034]:WARN
[2024-04-18 09:29:24.034]:ERROR
[2024-04-18 09:29:24.034]:FATAL
[2024-04-18 09:29:24.145]:debug
[2024-04-18 09:29:24.145]:info
[2024-04-18 09:29:24.145]:warn
[2024-04-18 09:29:24.145]:error
[2024-04-18 09:29:24.145]:fatal
[2024-04-18 09:29:24.145]:qDebug
[2024-04-18 09:29:24.145]:qInfo
[2024-04-18 09:29:24.145]:qWarning
[2024-04-18 09:29:24.145]:qCritical
[2024-04-18 09:29:24.145]:DEBUG 123
[2024-04-18 09:29:24.145]:INFO
[2024-04-18 09:29:24.145]:WARN
[2024-04-18 09:29:24.145]:ERROR
[2024-04-18 09:29:24.145]:FATAL
[2024-04-18 09:29:24.255]:debug
[2024-04-18 09:29:24.255]:info
[2024-04-18 09:29:24.255]:warn
[2024-04-18 09:29:24.255]:error
[2024-04-18 09:29:24.255]:fatal
[2024-04-18 09:29:24.255]:qDebug
[2024-04-18 09:29:24.255]:qInfo
[2024-04-18 09:29:24.255]:qWarning
[2024-04-18 09:29:24.255]:qCritical
[2024-04-18 09:29:24.255]:DEBUG 123
[2024-04-18 09:29:24.255]:INFO
[2024-04-18 09:29:24.255]:WARN
[2024-04-18 09:29:24.255]:ERROR
[2024-04-18 09:29:24.255]:FATAL
[2024-04-18 09:29:24.364]:debug
[2024-04-18 09:29:24.364]:info
[2024-04-18 09:29:24.364]:warn
[2024-04-18 09:29:24.364]:error
[2024-04-18 09:29:24.364]:fatal
[2024-04-18 09:29:24.364]:qDebug
[2024-04-18 09:29:24.364]:qInfo
[2024-04-18 09:29:24.364]:qWarning
[2024-04-18 09:29:24.364]:qCritical
[2024-04-18 09:29:24.364]:DEBUG 123
[2024-04-18 09:29:24.364]:INFO
[2024-04-18 09:29:24.364]:WARN
[2024-04-18 09:29:24.364]:ERROR
[2024-04-18 09:29:24.364]:FATAL
[2024-04-18 09:29:24.472]:debug
[2024-04-18 09:29:24.472]:info
[2024-04-18 09:29:24.472]:warn
[2024-04-18 09:29:24.472]:error
[2024-04-18 09:29:24.472]:fatal
[2024-04-18 09:29:24.472]:qDebug
[2024-04-18 09:29:24.472]:qInfo
[2024-04-18 09:29:24.472]:qWarning
[2024-04-18 09:29:24.472]:qCritical
[2024-04-18 09:29:24.472]:DEBUG 123
[2024-04-18 09:29:24.472]:INFO
[2024-04-18 09:29:24.472]:WARN
[2024-04-18 09:29:24.472]:ERROR
[2024-04-18 09:29:24.472]:FATAL
[2024-04-18 09:29:24.581]:debug
[2024-04-18 09:29:24.581]:info
[2024-04-18 09:29:24.581]:warn
[2024-04-18 09:29:24.581]:error
[2024-04-18 09:29:24.581]:fatal
[2024-04-18 09:29:24.581]:qDebug
[2024-04-18 09:29:24.581]:qInfo
[2024-04-18 09:29:24.581]:qWarning
[2024-04-18 09:29:24.581]:qCritical
[2024-04-18 09:29:24.581]:DEBUG 123
[2024-04-18 09:29:24.581]:INFO
[2024-04-18 09:29:24.581]:WARN
[2024-04-18 09:29:24.581]:ERROR
[2024-04-18 09:29:24.581]:FATAL
[2024-04-18 09:29:24.690]:debug
[2024-04-18 09:29:24.690]:info
[2024-04-18 09:29:24.690]:warn
[2024-04-18 09:29:24.690]:error
[2024-04-18 09:29:24.690]:fatal
[2024-04-18 09:29:24.690]:qDebug
[2024-04-18 09:29:24.690]:qInfo
[2024-04-18 09:29:24.690]:qWarning
[2024-04-18 09:29:24.690]:qCritical
[2024-04-18 09:29:24.690]:DEBUG 123
[2024-04-18 09:29:24.690]:INFO
[2024-04-18 09:29:24.690]:WARN
[2024-04-18 09:29:24.690]:ERROR
[2024-04-18 09:29:24.690]:FATAL
[2024-04-18 09:29:24.801]:debug
[2024-04-18 09:29:24.801]:info
[2024-04-18 09:29:24.801]:warn
[2024-04-18 09:29:24.801]:error
[2024-04-18 09:29:24.801]:fatal
[2024-04-18 09:29:24.801]:qDebug
[2024-04-18 09:29:24.801]:qInfo
[2024-04-18 09:29:24.801]:qWarning
[2024-04-18 09:29:24.801]:qCritical
[2024-04-18 09:29:24.801]:DEBUG 123
[2024-04-18 09:29:24.801]:INFO
[2024-04-18 09:29:24.801]:WARN
[2024-04-18 09:29:24.801]:ERROR
[2024-04-18 09:29:24.801]:FATAL
[2024-04-18 09:29:24.910]:debug
[2024-04-18 09:29:24.910]:info
[2024-04-18 09:29:24.910]:warn
[2024-04-18 09:29:24.910]:error
[2024-04-18 09:29:24.910]:fatal
[2024-04-18 09:29:24.910]:qDebug
[2024-04-18 09:29:24.910]:qInfo
[2024-04-18 09:29:24.910]:qWarning
[2024-04-18 09:29:24.910]:qCritical
[2024-04-18 09:29:24.910]:DEBUG 123
[2024-04-18 09:29:24.910]:INFO
[2024-04-18 09:29:24.910]:WARN
[2024-04-18 09:29:24.910]:ERROR
[2024-04-18 09:29:24.910]:FATAL
[2024-04-18 09:29:25.020]:debug
[2024-04-18 09:29:25.020]:info
[2024-04-18 09:29:25.020]:warn
[2024-04-18 09:29:25.020]:error
[2024-04-18 09:29:25.020]:fatal
[2024-04-18 09:29:25.020]:qDebug
[2024-04-18 09:29:25.020]:qInfo
[2024-04-18 09:29:25.020]:qWarning
[2024-04-18 09:29:25.020]:qCritical
[2024-04-18 09:29:25.020]:DEBUG 123
[2024-04-18 09:29:25.020]:INFO
[2024-04-18 09:29:25.020]:WARN
[2024-04-18 09:29:25.020]:ERROR
[2024-04-18 09:29:25.020]:FATAL
[2024-04-18 09:29:25.129]:debug
[2024-04-18 09:29:25.129]:info
[2024-04-18 09:29:25.129]:warn
[2024-04-18 09:29:25.129]:error
[2024-04-18 09:29:25.129]:fatal
[2024-04-18 09:29:25.129]:qDebug
[2024-04-18 09:29:25.129]:qInfo
[2024-04-18 09:29:25.129]:qWarning
[2024-04-18 09:29:25.129]:qCritical
[2024-04-18 09:29:25.129]:DEBUG 123
[2024-04-18 09:29:25.129]:INFO
[2024-04-18 09:29:25.129]:WARN
[2024-04-18 09:29:25.129]:ERROR
[2024-04-18 09:29:25.129]:FATAL
[2024-04-18 09:29:25.238]:debug
[2024-04-18 09:29:25.238]:info
[2024-04-18 09:29:25.238]:warn
[2024-04-18 09:29:25.238]:error
[2024-04-18 09:29:25.238]:fatal
[2024-04-18 09:29:25.238]:qDebug
[2024-04-18 09:29:25.238]:qInfo
[2024-04-18 09:29:25.238]:qWarning
[2024-04-18 09:29:25.238]:qCritical
[2024-04-18 09:29:25.238]:DEBUG 123
[2024-04-18 09:29:25.238]:INFO
[2024-04-18 09:29:25.238]:WARN
[2024-04-18 09:29:25.238]:ERROR
[2024-04-18 09:29:25.238]:FATAL
[2024-04-18 09:29:25.346]:debug
[2024-04-18 09:29:25.346]:info
[2024-04-18 09:29:25.346]:warn
[2024-04-18 09:29:25.346]:error
[2024-04-18 09:29:25.346]:fatal
[2024-04-18 09:29:25.346]:qDebug
[2024-04-18 09:29:25.346]:qInfo
[2024-04-18 09:29:25.346]:qWarning
[2024-04-18 09:29:25.346]:qCritical
[2024-04-18 09:29:25.346]:DEBUG 123
[2024-04-18 09:29:25.346]:INFO
[2024-04-18 09:29:25.346]:WARN
[2024-04-18 09:29:25.346]:ERROR
[2024-04-18 09:29:25.346]:FATAL
[2024-04-18 09:29:25.454]:debug
[2024-04-18 09:29:25.454]:info
[2024-04-18 09:29:25.454]:warn
[2024-04-18 09:29:25.454]:error
[2024-04-18 09:29:25.454]:fatal
[2024-04-18 09:29:25.454]:qDebug
[2024-04-18 09:29:25.454]:qInfo
[2024-04-18 09:29:25.454]:qWarning
[2024-04-18 09:29:25.454]:qCritical
[2024-04-18 09:29:25.454]:DEBUG 123
[2024-04-18 09:29:25.454]:INFO
[2024-04-18 09:29:25.454]:WARN
[2024-04-18 09:29:25.454]:ERROR
[2024-04-18 09:29:25.454]:FATAL
[2024-04-18 09:29:25.564]:debug
[2024-04-18 09:29:25.564]:info
[2024-04-18 09:29:25.564]:warn
[2024-04-18 09:29:25.564]:error
[2024-04-18 09:29:25.564]:fatal
[2024-04-18 09:29:25.564]:qDebug
[2024-04-18 09:29:25.564]:qInfo
[2024-04-18 09:29:25.564]:qWarning
[2024-04-18 09:29:25.564]:qCritical
[2024-04-18 09:29:25.564]:DEBUG 123
[2024-04-18 09:29:25.564]:INFO
[2024-04-18 09:29:25.564]:WARN
[2024-04-18 09:29:25.564]:ERROR
[2024-04-18 09:29:25.564]:FATAL
[2024-04-18 09:29:25.671]:debug
[2024-04-18 09:29:25.671]:info
[2024-04-18 09:29:25.671]:warn
[2024-04-18 09:29:25.671]:error
[2024-04-18 09:29:25.671]:fatal
[2024-04-18 09:29:25.671]:qDebug
[2024-04-18 09:29:25.671]:qInfo
[2024-04-18 09:29:25.671]:qWarning
[2024-04-18 09:29:25.671]:qCritical
[2024-04-18 09:29:25.671]:DEBUG 123
[2024-04-18 09:29:25.671]:INFO
[2024-04-18 09:29:25.671]:WARN
[2024-04-18 09:29:25.671]:ERROR
[2024-04-18 09:29:25.671]:FATAL
[2024-04-18 09:29:25.780]:debug
[2024-04-18 09:29:25.780]:info
[2024-04-18 09:29:25.780]:warn
[2024-04-18 09:29:25.780]:error
[2024-04-18 09:29:25.780]:fatal
[2024-04-18 09:29:25.780]:qDebug
[2024-04-18 09:29:25.780]:qInfo
[2024-04-18 09:29:25.780]:qWarning
[2024-04-18 09:29:25.780]:qCritical
[2024-04-18 09:29:25.780]:DEBUG 123
[2024-04-18 09:29:25.780]:INFO
[2024-04-18 09:29:25.780]:WARN
[2024-04-18 09:29:25.780]:ERROR
[2024-04-18 09:29:25.780]:FATAL
[2024-04-18 09:29:25.889]:debug
[2024-04-18 09:29:25.889]:info
[2024-04-18 09:29:25.889]:warn
[2024-04-18 09:29:25.889]:error
[2024-04-18 09:29:25.889]:fatal
[2024-04-18 09:29:25.889]:qDebug
[2024-04-18 09:29:25.889]:qInfo
[2024-04-18 09:29:25.889]:qWarning
[2024-04-18 09:29:25.889]:qCritical
[2024-04-18 09:29:25.889]:DEBUG 123
[2024-04-18 09:29:25.889]:INFO
[2024-04-18 09:29:25.889]:WARN
[2024-04-18 09:29:25.889]:ERROR
[2024-04-18 09:29:25.889]:FATAL
[2024-04-18 09:29:25.998]:debug
[2024-04-18 09:29:25.998]:info
[2024-04-18 09:29:25.998]:warn
[2024-04-18 09:29:25.998]:error
[2024-04-18 09:29:25.998]:fatal
[2024-04-18 09:29:25.998]:qDebug
[2024-04-18 09:29:25.998]:qInfo
[2024-04-18 09:29:25.998]:qWarning
[2024-04-18 09:29:25.998]:qCritical
[2024-04-18 09:29:25.998]:DEBUG 123
[2024-04-18 09:29:25.998]:INFO
[2024-04-18 09:29:25.998]:WARN
[2024-04-18 09:29:25.998]:ERROR
[2024-04-18 09:29:25.998]:FATAL
[2024-04-18 09:29:26.108]:debug
[2024-04-18 09:29:26.108]:info
[2024-04-18 09:29:26.108]:warn
[2024-04-18 09:29:26.108]:error
[2024-04-18 09:29:26.108]:fatal
[2024-04-18 09:29:26.108]:qDebug
[2024-04-18 09:29:26.108]:qInfo
[2024-04-18 09:29:26.108]:qWarning
[2024-04-18 09:29:26.108]:qCritical
[2024-04-18 09:29:26.108]:DEBUG 123
[2024-04-18 09:29:26.108]:INFO
[2024-04-18 09:29:26.108]:WARN
[2024-04-18 09:29:26.108]:ERROR
[2024-04-18 09:29:26.108]:FATAL
[2024-04-18 09:29:26.217]:debug
[2024-04-18 09:29:26.217]:info
[2024-04-18 09:29:26.217]:warn
[2024-04-18 09:29:26.217]:error
[2024-04-18 09:29:26.217]:fatal
[2024-04-18 09:29:26.217]:qDebug
[2024-04-18 09:29:26.217]:qInfo
[2024-04-18 09:29:26.217]:qWarning
[2024-04-18 09:29:26.217]:qCritical
[2024-04-18 09:29:26.217]:DEBUG 123
[2024-04-18 09:29:26.217]:INFO
[2024-04-18 09:29:26.217]:WARN
[2024-04-18 09:29:26.217]:ERROR
[2024-04-18 09:29:26.217]:FATAL
[2024-04-18 09:29:26.326]:debug
[2024-04-18 09:29:26.326]:info
[2024-04-18 09:29:26.326]:warn
[2024-04-18 09:29:26.326]:error
[2024-04-18 09:29:26.326]:fatal
[2024-04-18 09:29:26.326]:qDebug
[2024-04-18 09:29:26.326]:qInfo
[2024-04-18 09:29:26.326]:qWarning
[2024-04-18 09:29:26.326]:qCritical
[2024-04-18 09:29:26.326]:DEBUG 123
[2024-04-18 09:29:26.326]:INFO
[2024-04-18 09:29:26.326]:WARN
[2024-04-18 09:29:26.326]:ERROR
[2024-04-18 09:29:26.326]:FATAL
[2024-04-18 09:29:26.437]:debug
[2024-04-18 09:29:26.437]:info
[2024-04-18 09:29:26.437]:warn
[2024-04-18 09:29:26.437]:error
[2024-04-18 09:29:26.437]:fatal
[2024-04-18 09:29:26.437]:qDebug
[2024-04-18 09:29:26.437]:qInfo
[2024-04-18 09:29:26.437]:qWarning
[2024-04-18 09:29:26.437]:qCritical
[2024-04-18 09:29:26.437]:DEBUG 123
[2024-04-18 09:29:26.437]:INFO
[2024-04-18 09:29:26.437]:WARN
[2024-04-18 09:29:26.437]:ERROR
[2024-04-18 09:29:26.437]:FATAL
[2024-04-18 09:29:26.546]:debug
[2024-04-18 09:29:26.546]:info
[2024-04-18 09:29:26.546]:warn
[2024-04-18 09:29:26.546]:error
[2024-04-18 09:29:26.546]:fatal
[2024-04-18 09:29:26.546]:qDebug
[2024-04-18 09:29:26.546]:qInfo
[2024-04-18 09:29:26.546]:qWarning
[2024-04-18 09:29:26.546]:qCritical
[2024-04-18 09:29:26.546]:DEBUG 123
[2024-04-18 09:29:26.546]:INFO
[2024-04-18 09:29:26.546]:WARN
[2024-04-18 09:29:26.546]:ERROR
[2024-04-18 09:29:26.546]:FATAL
[2024-04-18 09:29:26.656]:debug
[2024-04-18 09:29:26.656]:info
[2024-04-18 09:29:26.656]:warn
[2024-04-18 09:29:26.656]:error
[2024-04-18 09:29:26.656]:fatal
[2024-04-18 09:29:26.656]:qDebug
[2024-04-18 09:29:26.656]:qInfo
[2024-04-18 09:29:26.656]:qWarning
[2024-04-18 09:29:26.656]:qCritical
[2024-04-18 09:29:26.656]:DEBUG 123
[2024-04-18 09:29:26.656]:INFO
[2024-04-18 09:29:26.656]:WARN
[2024-04-18 09:29:26.656]:ERROR
[2024-04-18 09:29:26.656]:FATAL
[2024-04-18 09:29:26.764]:debug
[2024-04-18 09:29:26.764]:info
[2024-04-18 09:29:26.764]:warn
[2024-04-18 09:29:26.764]:error
[2024-04-18 09:29:26.764]:fatal
[2024-04-18 09:29:26.764]:qDebug
[2024-04-18 09:29:26.764]:qInfo
[2024-04-18 09:29:26.764]:qWarning
[2024-04-18 09:29:26.764]:qCritical
[2024-04-18 09:29:26.764]:DEBUG 123
[2024-04-18 09:29:26.764]:INFO
[2024-04-18 09:29:26.764]:WARN
[2024-04-18 09:29:26.764]:ERROR
[2024-04-18 09:29:26.764]:FATAL
[2024-04-18 09:29:26.872]:debug
[2024-04-18 09:29:26.872]:info
[2024-04-18 09:29:26.872]:warn
[2024-04-18 09:29:26.872]:error
[2024-04-18 09:29:26.872]:fatal
[2024-04-18 09:29:26.872]:qDebug
[2024-04-18 09:29:26.872]:qInfo
[2024-04-18 09:29:26.872]:qWarning
[2024-04-18 09:29:26.872]:qCritical
[2024-04-18 09:29:26.872]:DEBUG 123
[2024-04-18 09:29:26.872]:INFO
[2024-04-18 09:29:26.872]:WARN
[2024-04-18 09:29:26.872]:ERROR
[2024-04-18 09:29:26.872]:FATAL
[2024-04-18 09:29:26.981]:debug
[2024-04-18 09:29:26.981]:info
[2024-04-18 09:29:26.981]:warn
[2024-04-18 09:29:26.981]:error
[2024-04-18 09:29:26.981]:fatal
[2024-04-18 09:29:26.981]:qDebug
[2024-04-18 09:29:26.981]:qInfo
[2024-04-18 09:29:26.981]:qWarning
[2024-04-18 09:29:26.981]:qCritical
[2024-04-18 09:29:26.981]:DEBUG 123
[2024-04-18 09:29:26.981]:INFO
[2024-04-18 09:29:26.981]:WARN
[2024-04-18 09:29:26.981]:ERROR
[2024-04-18 09:29:26.981]:FATAL
[2024-04-18 09:29:27.090]:debug
[2024-04-18 09:29:27.090]:info
[2024-04-18 09:29:27.090]:warn
[2024-04-18 09:29:27.090]:error
[2024-04-18 09:29:27.090]:fatal
[2024-04-18 09:29:27.090]:qDebug
[2024-04-18 09:29:27.090]:qInfo
[2024-04-18 09:29:27.090]:qWarning
[2024-04-18 09:29:27.090]:qCritical
[2024-04-18 09:29:27.090]:DEBUG 123
[2024-04-18 09:29:27.090]:INFO
[2024-04-18 09:29:27.090]:WARN
[2024-04-18 09:29:27.090]:ERROR
[2024-04-18 09:29:27.090]:FATAL
[2024-04-18 09:29:27.199]:debug
[2024-04-18 09:29:27.199]:info
[2024-04-18 09:29:27.199]:warn
[2024-04-18 09:29:27.199]:error
[2024-04-18 09:29:27.199]:fatal
[2024-04-18 09:29:27.199]:qDebug
[2024-04-18 09:29:27.199]:qInfo
[2024-04-18 09:29:27.199]:qWarning
[2024-04-18 09:29:27.199]:qCritical
[2024-04-18 09:29:27.199]:DEBUG 123
[2024-04-18 09:29:27.199]:INFO
[2024-04-18 09:29:27.199]:WARN
[2024-04-18 09:29:27.199]:ERROR
[2024-04-18 09:29:27.199]:FATAL
[2024-04-18 09:29:27.309]:debug
[2024-04-18 09:29:27.309]:info
[2024-04-18 09:29:27.309]:warn
[2024-04-18 09:29:27.309]:error
[2024-04-18 09:29:27.309]:fatal
[2024-04-18 09:29:27.309]:qDebug
[2024-04-18 09:29:27.309]:qInfo
[2024-04-18 09:29:27.309]:qWarning
[2024-04-18 09:29:27.309]:qCritical
[2024-04-18 09:29:27.309]:DEBUG 123
[2024-04-18 09:29:27.309]:INFO
[2024-04-18 09:29:27.309]:WARN
[2024-04-18 09:29:27.309]:ERROR
[2024-04-18 09:29:27.309]:FATAL
[2024-04-18 09:29:27.418]:debug
[2024-04-18 09:29:27.418]:info
[2024-04-18 09:29:27.418]:warn
[2024-04-18 09:29:27.418]:error
[2024-04-18 09:29:27.418]:fatal
[2024-04-18 09:29:27.418]:qDebug
[2024-04-18 09:29:27.418]:qInfo
[2024-04-18 09:29:27.418]:qWarning
[2024-04-18 09:29:27.418]:qCritical
[2024-04-18 09:29:27.418]:DEBUG 123
[2024-04-18 09:29:27.418]:INFO
[2024-04-18 09:29:27.418]:WARN
[2024-04-18 09:29:27.418]:ERROR
[2024-04-18 09:29:27.418]:FATAL
[2024-04-18 09:29:27.525]:debug
[2024-04-18 09:29:27.525]:info
[2024-04-18 09:29:27.525]:warn
[2024-04-18 09:29:27.525]:error
[2024-04-18 09:29:27.525]:fatal
[2024-04-18 09:29:27.525]:qDebug
[2024-04-18 09:29:27.525]:qInfo
[2024-04-18 09:29:27.525]:qWarning
[2024-04-18 09:29:27.525]:qCritical
[2024-04-18 09:29:27.525]:DEBUG 123
[2024-04-18 09:29:27.525]:INFO
[2024-04-18 09:29:27.525]:WARN
[2024-04-18 09:29:27.525]:ERROR
[2024-04-18 09:29:27.525]:FATAL
[2024-04-18 09:29:27.635]:debug
[2024-04-18 09:29:27.635]:info
[2024-04-18 09:29:27.635]:warn
[2024-04-18 09:29:27.635]:error
[2024-04-18 09:29:27.635]:fatal
[2024-04-18 09:29:27.635]:qDebug
[2024-04-18 09:29:27.635]:qInfo
[2024-04-18 09:29:27.635]:qWarning
[2024-04-18 09:29:27.635]:qCritical
[2024-04-18 09:29:27.635]:DEBUG 123
[2024-04-18 09:29:27.635]:INFO
[2024-04-18 09:29:27.635]:WARN
[2024-04-18 09:29:27.635]:ERROR
[2024-04-18 09:29:27.635]:FATAL
[2024-04-18 09:29:27.744]:debug
[2024-04-18 09:29:27.744]:info
[2024-04-18 09:29:27.744]:warn
[2024-04-18 09:29:27.744]:error
[2024-04-18 09:29:27.744]:fatal
[2024-04-18 09:29:27.744]:qDebug
[2024-04-18 09:29:27.744]:qInfo
[2024-04-18 09:29:27.744]:qWarning
[2024-04-18 09:29:27.744]:qCritical
[2024-04-18 09:29:27.744]:DEBUG 123
[2024-04-18 09:29:27.744]:INFO
[2024-04-18 09:29:27.744]:WARN
[2024-04-18 09:29:27.744]:ERROR
[2024-04-18 09:29:27.744]:FATAL
[2024-04-18 09:29:27.852]:debug
[2024-04-18 09:29:27.852]:info
[2024-04-18 09:29:27.852]:warn
[2024-04-18 09:29:27.852]:error
[2024-04-18 09:29:27.852]:fatal
[2024-04-18 09:29:27.852]:qDebug
[2024-04-18 09:29:27.852]:qInfo
[2024-04-18 09:29:27.852]:qWarning
[2024-04-18 09:29:27.852]:qCritical
[2024-04-18 09:29:27.852]:DEBUG 123
[2024-04-18 09:29:27.852]:INFO
[2024-04-18 09:29:27.852]:WARN
[2024-04-18 09:29:27.852]:ERROR
[2024-04-18 09:29:27.852]:FATAL
[2024-04-18 09:29:27.962]:debug
[2024-04-18 09:29:27.962]:info
[2024-04-18 09:29:27.962]:warn
[2024-04-18 09:29:27.962]:error
[2024-04-18 09:29:27.962]:fatal
[2024-04-18 09:29:27.962]:qDebug
[2024-04-18 09:29:27.962]:qInfo
[2024-04-18 09:29:27.962]:qWarning
[2024-04-18 09:29:27.962]:qCritical
[2024-04-18 09:29:27.962]:DEBUG 123
[2024-04-18 09:29:27.962]:INFO
[2024-04-18 09:29:27.962]:WARN
[2024-04-18 09:29:27.962]:ERROR
[2024-04-18 09:29:27.962]:FATAL
[2024-04-18 09:29:28.071]:debug
[2024-04-18 09:29:28.071]:info
[2024-04-18 09:29:28.071]:warn
[2024-04-18 09:29:28.071]:error
[2024-04-18 09:29:28.071]:fatal
[2024-04-18 09:29:28.071]:qDebug
[2024-04-18 09:29:28.071]:qInfo
[2024-04-18 09:29:28.071]:qWarning
[2024-04-18 09:29:28.071]:qCritical
[2024-04-18 09:29:28.071]:DEBUG 123
[2024-04-18 09:29:28.071]:INFO
[2024-04-18 09:29:28.071]:WARN
[2024-04-18 09:29:28.071]:ERROR
[2024-04-18 09:29:28.071]:FATAL
[2024-04-18 09:29:28.183]:debug
[2024-04-18 09:29:28.183]:info
[2024-04-18 09:29:28.183]:warn
[2024-04-18 09:29:28.183]:error
[2024-04-18 09:29:28.183]:fatal
[2024-04-18 09:29:28.183]:qDebug
[2024-04-18 09:29:28.183]:qInfo
[2024-04-18 09:29:28.183]:qWarning
[2024-04-18 09:29:28.183]:qCritical
[2024-04-18 09:29:28.183]:DEBUG 123
[2024-04-18 09:29:28.183]:INFO
[2024-04-18 09:29:28.183]:WARN
[2024-04-18 09:29:28.183]:ERROR
[2024-04-18 09:29:28.183]:FATAL
[2024-04-18 09:29:28.292]:debug
[2024-04-18 09:29:28.292]:info
[2024-04-18 09:29:28.292]:warn
[2024-04-18 09:29:28.292]:error
[2024-04-18 09:29:28.292]:fatal
[2024-04-18 09:29:28.292]:qDebug
[2024-04-18 09:29:28.292]:qInfo
[2024-04-18 09:29:28.292]:qWarning
[2024-04-18 09:29:28.292]:qCritical
[2024-04-18 09:29:28.292]:DEBUG 123
[2024-04-18 09:29:28.292]:INFO
[2024-04-18 09:29:28.292]:WARN
[2024-04-18 09:29:28.292]:ERROR
[2024-04-18 09:29:28.292]:FATAL
[2024-04-18 09:29:28.401]:debug
[2024-04-18 09:29:28.401]:info
[2024-04-18 09:29:28.401]:warn
[2024-04-18 09:29:28.401]:error
[2024-04-18 09:29:28.401]:fatal
[2024-04-18 09:29:28.401]:qDebug
[2024-04-18 09:29:28.401]:qInfo
[2024-04-18 09:29:28.401]:qWarning
[2024-04-18 09:29:28.401]:qCritical
[2024-04-18 09:29:28.401]:DEBUG 123
[2024-04-18 09:29:28.401]:INFO
[2024-04-18 09:29:28.401]:WARN
[2024-04-18 09:29:28.401]:ERROR
[2024-04-18 09:29:28.401]:FATAL
[2024-04-18 09:29:28.511]:debug
[2024-04-18 09:29:28.511]:info
[2024-04-18 09:29:28.511]:warn
[2024-04-18 09:29:28.511]:error
[2024-04-18 09:29:28.511]:fatal
[2024-04-18 09:29:28.511]:qDebug
[2024-04-18 09:29:28.511]:qInfo
[2024-04-18 09:29:28.511]:qWarning
[2024-04-18 09:29:28.511]:qCritical
[2024-04-18 09:29:28.511]:DEBUG 123
[2024-04-18 09:29:28.511]:INFO
[2024-04-18 09:29:28.511]:WARN
[2024-04-18 09:29:28.511]:ERROR
[2024-04-18 09:29:28.511]:FATAL
[2024-04-18 09:29:28.622]:debug
[2024-04-18 09:29:28.622]:info
[2024-04-18 09:29:28.622]:warn
[2024-04-18 09:29:28.622]:error
[2024-04-18 09:29:28.622]:fatal
[2024-04-18 09:29:28.622]:qDebug
[2024-04-18 09:29:28.622]:qInfo
[2024-04-18 09:29:28.622]:qWarning
[2024-04-18 09:29:28.622]:qCritical
[2024-04-18 09:29:28.622]:DEBUG 123
[2024-04-18 09:29:28.622]:INFO
[2024-04-18 09:29:28.622]:WARN
[2024-04-18 09:29:28.622]:ERROR
[2024-04-18 09:29:28.622]:FATAL
[2024-04-18 09:29:28.731]:debug
[2024-04-18 09:29:28.731]:info
[2024-04-18 09:29:28.731]:warn
[2024-04-18 09:29:28.731]:error
[2024-04-18 09:29:28.731]:fatal
[2024-04-18 09:29:28.731]:qDebug
[2024-04-18 09:29:28.731]:qInfo
[2024-04-18 09:29:28.731]:qWarning
[2024-04-18 09:29:28.731]:qCritical
[2024-04-18 09:29:28.731]:DEBUG 123
[2024-04-18 09:29:28.731]:INFO
[2024-04-18 09:29:28.731]:WARN
[2024-04-18 09:29:28.731]:ERROR
[2024-04-18 09:29:28.731]:FATAL
[2024-04-18 09:29:28.842]:debug
[2024-04-18 09:29:28.842]:info
[2024-04-18 09:29:28.842]:warn
[2024-04-18 09:29:28.842]:error
[2024-04-18 09:29:28.842]:fatal
[2024-04-18 09:29:28.842]:qDebug
[2024-04-18 09:29:28.842]:qInfo
[2024-04-18 09:29:28.842]:qWarning
[2024-04-18 09:29:28.842]:qCritical
[2024-04-18 09:29:28.842]:DEBUG 123
[2024-04-18 09:29:28.842]:INFO
[2024-04-18 09:29:28.842]:WARN
[2024-04-18 09:29:28.842]:ERROR
[2024-04-18 09:29:28.842]:FATAL
[2024-04-18 09:29:28.952]:debug
[2024-04-18 09:29:28.952]:info
[2024-04-18 09:29:28.952]:warn
[2024-04-18 09:29:28.952]:error
[2024-04-18 09:29:28.952]:fatal
[2024-04-18 09:29:28.952]:qDebug
[2024-04-18 09:29:28.952]:qInfo
[2024-04-18 09:29:28.952]:qWarning
[2024-04-18 09:29:28.952]:qCritical
[2024-04-18 09:29:28.952]:DEBUG 123
[2024-04-18 09:29:28.952]:INFO
[2024-04-18 09:29:28.952]:WARN
[2024-04-18 09:29:28.952]:ERROR
[2024-04-18 09:29:28.952]:FATAL
[2024-04-18 09:29:29.063]:debug
[2024-04-18 09:29:29.063]:info
[2024-04-18 09:29:29.063]:warn
[2024-04-18 09:29:29.063]:error
[2024-04-18 09:29:29.063]:fatal
[2024-04-18 09:29:29.063]:qDebug
[2024-04-18 09:29:29.063]:qInfo
[2024-04-18 09:29:29.063]:qWarning
[2024-04-18 09:29:29.063]:qCritical
[2024-04-18 09:29:29.063]:DEBUG 123
[2024-04-18 09:29:29.063]:INFO
[2024-04-18 09:29:29.063]:WARN
[2024-04-18 09:29:29.063]:ERROR
[2024-04-18 09:29:29.063]:FATAL
[2024-04-18 09:29:29.173]:debug
[2024-04-18 09:29:29.173]:info
[2024-04-18 09:29:29.173]:warn
[2024-04-18 09:29:29.173]:error
[2024-04-18 09:29:29.173]:fatal
[2024-04-18 09:29:29.173]:qDebug
[2024-04-18 09:29:29.173]:qInfo
[2024-04-18 09:29:29.173]:qWarning
[2024-04-18 09:29:29.173]:qCritical
[2024-04-18 09:29:29.173]:DEBUG 123
[2024-04-18 09:29:29.173]:INFO
[2024-04-18 09:29:29.173]:WARN
[2024-04-18 09:29:29.173]:ERROR
[2024-04-18 09:29:29.173]:FATAL
[2024-04-18 09:29:29.283]:debug
[2024-04-18 09:29:29.283]:info
[2024-04-18 09:29:29.283]:warn
[2024-04-18 09:29:29.283]:error
[2024-04-18 09:29:29.283]:fatal
[2024-04-18 09:29:29.283]:qDebug
[2024-04-18 09:29:29.283]:qInfo
[2024-04-18 09:29:29.283]:qWarning
[2024-04-18 09:29:29.283]:qCritical
[2024-04-18 09:29:29.283]:DEBUG 123
[2024-04-18 09:29:29.283]:INFO
[2024-04-18 09:29:29.283]:WARN
[2024-04-18 09:29:29.283]:ERROR
[2024-04-18 09:29:29.283]:FATAL
[2024-04-18 09:29:29.394]:debug
[2024-04-18 09:29:29.394]:info
[2024-04-18 09:29:29.394]:warn
[2024-04-18 09:29:29.394]:error
[2024-04-18 09:29:29.394]:fatal
[2024-04-18 09:29:29.394]:qDebug
[2024-04-18 09:29:29.394]:qInfo
[2024-04-18 09:29:29.394]:qWarning
[2024-04-18 09:29:29.394]:qCritical
[2024-04-18 09:29:29.394]:DEBUG 123
[2024-04-18 09:29:29.394]:INFO
[2024-04-18 09:29:29.394]:WARN
[2024-04-18 09:29:29.394]:ERROR
[2024-04-18 09:29:29.394]:FATAL
[2024-04-18 09:29:29.504]:debug
[2024-04-18 09:29:29.504]:info
[2024-04-18 09:29:29.504]:warn
[2024-04-18 09:29:29.504]:error
[2024-04-18 09:29:29.504]:fatal
[2024-04-18 09:29:29.504]:qDebug
[2024-04-18 09:29:29.504]:qInfo
[2024-04-18 09:29:29.504]:qWarning
[2024-04-18 09:29:29.504]:qCritical
[2024-04-18 09:29:29.504]:DEBUG 123
[2024-04-18 09:29:29.504]:INFO
[2024-04-18 09:29:29.504]:WARN
[2024-04-18 09:29:29.504]:ERROR
[2024-04-18 09:29:29.504]:FATAL
[2024-04-18 09:29:29.615]:debug
[2024-04-18 09:29:29.615]:info
[2024-04-18 09:29:29.615]:warn
[2024-04-18 09:29:29.615]:error
[2024-04-18 09:29:29.615]:fatal
[2024-04-18 09:29:29.615]:qDebug
[2024-04-18 09:29:29.615]:qInfo
[2024-04-18 09:29:29.615]:qWarning
[2024-04-18 09:29:29.615]:qCritical
[2024-04-18 09:29:29.615]:DEBUG 123
[2024-04-18 09:29:29.615]:INFO
[2024-04-18 09:29:29.615]:WARN
[2024-04-18 09:29:29.615]:ERROR
[2024-04-18 09:29:29.615]:FATAL
[2024-04-18 09:29:29.726]:debug
[2024-04-18 09:29:29.726]:info
[2024-04-18 09:29:29.726]:warn
[2024-04-18 09:29:29.726]:error
[2024-04-18 09:29:29.726]:fatal
[2024-04-18 09:29:29.726]:qDebug
[2024-04-18 09:29:29.726]:qInfo
[2024-04-18 09:29:29.726]:qWarning
[2024-04-18 09:29:29.726]:qCritical
[2024-04-18 09:29:29.726]:DEBUG 123
[2024-04-18 09:29:29.726]:INFO
[2024-04-18 09:29:29.726]:WARN
[2024-04-18 09:29:29.726]:ERROR
[2024-04-18 09:29:29.726]:FATAL
[2024-04-18 09:29:29.730]:Shutting down Hierarchy
[2024-04-18 09:32:00.870]:debug
[2024-04-18 09:32:00.870]:info
[2024-04-18 09:32:00.870]:warn
[2024-04-18 09:32:00.870]:error
[2024-04-18 09:32:00.870]:fatal
[2024-04-18 09:32:00.875]:qDebug
[2024-04-18 09:32:00.875]:qInfo
[2024-04-18 09:32:00.875]:qWarning
[2024-04-18 09:32:00.875]:qCritical
[2024-04-18 09:32:00.875]:DEBUG 123 hello
[2024-04-18 09:32:00.875]:INFO
[2024-04-18 09:32:00.875]:WARN
[2024-04-18 09:32:00.875]:ERROR
[2024-04-18 09:32:00.875]:FATAL
[2024-04-18 09:32:00.985]:debug
[2024-04-18 09:32:00.985]:info
[2024-04-18 09:32:00.985]:warn
[2024-04-18 09:32:00.985]:error
[2024-04-18 09:32:00.985]:fatal
[2024-04-18 09:32:00.985]:qDebug
[2024-04-18 09:32:00.985]:qInfo
[2024-04-18 09:32:00.985]:qWarning
[2024-04-18 09:32:00.985]:qCritical
[2024-04-18 09:32:00.985]:DEBUG 123 hello
[2024-04-18 09:32:00.985]:INFO
[2024-04-18 09:32:00.985]:WARN
[2024-04-18 09:32:00.985]:ERROR
[2024-04-18 09:32:00.985]:FATAL
[2024-04-18 09:32:01.095]:debug
[2024-04-18 09:32:01.095]:info
[2024-04-18 09:32:01.095]:warn
[2024-04-18 09:32:01.095]:error
[2024-04-18 09:32:01.095]:fatal
[2024-04-18 09:32:01.095]:qDebug
[2024-04-18 09:32:01.095]:qInfo
[2024-04-18 09:32:01.095]:qWarning
[2024-04-18 09:32:01.095]:qCritical
[2024-04-18 09:32:01.095]:DEBUG 123 hello
[2024-04-18 09:32:01.095]:INFO
[2024-04-18 09:32:01.095]:WARN
[2024-04-18 09:32:01.095]:ERROR
[2024-04-18 09:32:01.095]:FATAL
[2024-04-18 09:32:01.204]:debug
[2024-04-18 09:32:01.204]:info
[2024-04-18 09:32:01.204]:warn
[2024-04-18 09:32:01.204]:error
[2024-04-18 09:32:01.204]:fatal
[2024-04-18 09:32:01.204]:qDebug
[2024-04-18 09:32:01.204]:qInfo
[2024-04-18 09:32:01.204]:qWarning
[2024-04-18 09:32:01.204]:qCritical
[2024-04-18 09:32:01.204]:DEBUG 123 hello
[2024-04-18 09:32:01.204]:INFO
[2024-04-18 09:32:01.204]:WARN
[2024-04-18 09:32:01.204]:ERROR
[2024-04-18 09:32:01.204]:FATAL
[2024-04-18 09:32:01.314]:debug
[2024-04-18 09:32:01.314]:info
[2024-04-18 09:32:01.314]:warn
[2024-04-18 09:32:01.314]:error
[2024-04-18 09:32:01.314]:fatal
[2024-04-18 09:32:01.314]:qDebug
[2024-04-18 09:32:01.314]:qInfo
[2024-04-18 09:32:01.314]:qWarning
[2024-04-18 09:32:01.314]:qCritical
[2024-04-18 09:32:01.314]:DEBUG 123 hello
[2024-04-18 09:32:01.314]:INFO
[2024-04-18 09:32:01.314]:WARN
[2024-04-18 09:32:01.314]:ERROR
[2024-04-18 09:32:01.314]:FATAL
[2024-04-18 09:32:01.423]:debug
[2024-04-18 09:32:01.423]:info
[2024-04-18 09:32:01.423]:warn
[2024-04-18 09:32:01.423]:error
[2024-04-18 09:32:01.423]:fatal
[2024-04-18 09:32:01.423]:qDebug
[2024-04-18 09:32:01.423]:qInfo
[2024-04-18 09:32:01.423]:qWarning
[2024-04-18 09:32:01.423]:qCritical
[2024-04-18 09:32:01.423]:DEBUG 123 hello
[2024-04-18 09:32:01.423]:INFO
[2024-04-18 09:32:01.423]:WARN
[2024-04-18 09:32:01.423]:ERROR
[2024-04-18 09:32:01.423]:FATAL
[2024-04-18 09:32:01.533]:debug
[2024-04-18 09:32:01.533]:info
[2024-04-18 09:32:01.533]:warn
[2024-04-18 09:32:01.533]:error
[2024-04-18 09:32:01.533]:fatal
[2024-04-18 09:32:01.533]:qDebug
[2024-04-18 09:32:01.533]:qInfo
[2024-04-18 09:32:01.533]:qWarning
[2024-04-18 09:32:01.533]:qCritical
[2024-04-18 09:32:01.533]:DEBUG 123 hello
[2024-04-18 09:32:01.533]:INFO
[2024-04-18 09:32:01.533]:WARN
[2024-04-18 09:32:01.533]:ERROR
[2024-04-18 09:32:01.533]:FATAL
[2024-04-18 09:32:01.642]:debug
[2024-04-18 09:32:01.642]:info
[2024-04-18 09:32:01.642]:warn
[2024-04-18 09:32:01.642]:error
[2024-04-18 09:32:01.642]:fatal
[2024-04-18 09:32:01.642]:qDebug
[2024-04-18 09:32:01.642]:qInfo
[2024-04-18 09:32:01.642]:qWarning
[2024-04-18 09:32:01.642]:qCritical
[2024-04-18 09:32:01.642]:DEBUG 123 hello
[2024-04-18 09:32:01.642]:INFO
[2024-04-18 09:32:01.642]:WARN
[2024-04-18 09:32:01.642]:ERROR
[2024-04-18 09:32:01.642]:FATAL
[2024-04-18 09:32:01.751]:debug
[2024-04-18 09:32:01.751]:info
[2024-04-18 09:32:01.751]:warn
[2024-04-18 09:32:01.751]:error
[2024-04-18 09:32:01.751]:fatal
[2024-04-18 09:32:01.751]:qDebug
[2024-04-18 09:32:01.751]:qInfo
[2024-04-18 09:32:01.751]:qWarning
[2024-04-18 09:32:01.751]:qCritical
[2024-04-18 09:32:01.751]:DEBUG 123 hello
[2024-04-18 09:32:01.751]:INFO
[2024-04-18 09:32:01.751]:WARN
[2024-04-18 09:32:01.751]:ERROR
[2024-04-18 09:32:01.751]:FATAL
[2024-04-18 09:32:01.861]:debug
[2024-04-18 09:32:01.861]:info
[2024-04-18 09:32:01.861]:warn
[2024-04-18 09:32:01.861]:error
[2024-04-18 09:32:01.861]:fatal
[2024-04-18 09:32:01.861]:qDebug
[2024-04-18 09:32:01.861]:qInfo
[2024-04-18 09:32:01.861]:qWarning
[2024-04-18 09:32:01.861]:qCritical
[2024-04-18 09:32:01.861]:DEBUG 123 hello
[2024-04-18 09:32:01.861]:INFO
[2024-04-18 09:32:01.861]:WARN
[2024-04-18 09:32:01.861]:ERROR
[2024-04-18 09:32:01.861]:FATAL
[2024-04-18 09:32:01.970]:debug
[2024-04-18 09:32:01.970]:info
[2024-04-18 09:32:01.970]:warn
[2024-04-18 09:32:01.970]:error
[2024-04-18 09:32:01.970]:fatal
[2024-04-18 09:32:01.970]:qDebug
[2024-04-18 09:32:01.970]:qInfo
[2024-04-18 09:32:01.970]:qWarning
[2024-04-18 09:32:01.970]:qCritical
[2024-04-18 09:32:01.970]:DEBUG 123 hello
[2024-04-18 09:32:01.970]:INFO
[2024-04-18 09:32:01.970]:WARN
[2024-04-18 09:32:01.970]:ERROR
[2024-04-18 09:32:01.970]:FATAL
[2024-04-18 09:32:02.079]:debug
[2024-04-18 09:32:02.079]:info
[2024-04-18 09:32:02.079]:warn
[2024-04-18 09:32:02.079]:error
[2024-04-18 09:32:02.079]:fatal
[2024-04-18 09:32:02.079]:qDebug
[2024-04-18 09:32:02.079]:qInfo
[2024-04-18 09:32:02.079]:qWarning
[2024-04-18 09:32:02.079]:qCritical
[2024-04-18 09:32:02.079]:DEBUG 123 hello
[2024-04-18 09:32:02.079]:INFO
[2024-04-18 09:32:02.079]:WARN
[2024-04-18 09:32:02.079]:ERROR
[2024-04-18 09:32:02.079]:FATAL
[2024-04-18 09:32:02.189]:debug
[2024-04-18 09:32:02.189]:info
[2024-04-18 09:32:02.189]:warn
[2024-04-18 09:32:02.189]:error
[2024-04-18 09:32:02.189]:fatal
[2024-04-18 09:32:02.189]:qDebug
[2024-04-18 09:32:02.189]:qInfo
[2024-04-18 09:32:02.189]:qWarning
[2024-04-18 09:32:02.189]:qCritical
[2024-04-18 09:32:02.189]:DEBUG 123 hello
[2024-04-18 09:32:02.189]:INFO
[2024-04-18 09:32:02.189]:WARN
[2024-04-18 09:32:02.189]:ERROR
[2024-04-18 09:32:02.189]:FATAL
[2024-04-18 09:32:02.298]:debug
[2024-04-18 09:32:02.298]:info
[2024-04-18 09:32:02.298]:warn
[2024-04-18 09:32:02.298]:error
[2024-04-18 09:32:02.298]:fatal
[2024-04-18 09:32:02.298]:qDebug
[2024-04-18 09:32:02.298]:qInfo
[2024-04-18 09:32:02.298]:qWarning
[2024-04-18 09:32:02.298]:qCritical
[2024-04-18 09:32:02.298]:DEBUG 123 hello
[2024-04-18 09:32:02.298]:INFO
[2024-04-18 09:32:02.298]:WARN
[2024-04-18 09:32:02.298]:ERROR
[2024-04-18 09:32:02.298]:FATAL
[2024-04-18 09:32:02.407]:debug
[2024-04-18 09:32:02.407]:info
[2024-04-18 09:32:02.407]:warn
[2024-04-18 09:32:02.407]:error
[2024-04-18 09:32:02.407]:fatal
[2024-04-18 09:32:02.407]:qDebug
[2024-04-18 09:32:02.407]:qInfo
[2024-04-18 09:32:02.407]:qWarning
[2024-04-18 09:32:02.407]:qCritical
[2024-04-18 09:32:02.407]:DEBUG 123 hello
[2024-04-18 09:32:02.407]:INFO
[2024-04-18 09:32:02.407]:WARN
[2024-04-18 09:32:02.407]:ERROR
[2024-04-18 09:32:02.407]:FATAL
[2024-04-18 09:32:02.517]:debug
[2024-04-18 09:32:02.517]:info
[2024-04-18 09:32:02.517]:warn
[2024-04-18 09:32:02.517]:error
[2024-04-18 09:32:02.517]:fatal
[2024-04-18 09:32:02.517]:qDebug
[2024-04-18 09:32:02.517]:qInfo
[2024-04-18 09:32:02.517]:qWarning
[2024-04-18 09:32:02.517]:qCritical
[2024-04-18 09:32:02.517]:DEBUG 123 hello
[2024-04-18 09:32:02.517]:INFO
[2024-04-18 09:32:02.517]:WARN
[2024-04-18 09:32:02.517]:ERROR
[2024-04-18 09:32:02.517]:FATAL
[2024-04-18 09:32:02.626]:debug
[2024-04-18 09:32:02.626]:info
[2024-04-18 09:32:02.626]:warn
[2024-04-18 09:32:02.626]:error
[2024-04-18 09:32:02.626]:fatal
[2024-04-18 09:32:02.626]:qDebug
[2024-04-18 09:32:02.626]:qInfo
[2024-04-18 09:32:02.626]:qWarning
[2024-04-18 09:32:02.626]:qCritical
[2024-04-18 09:32:02.626]:DEBUG 123 hello
[2024-04-18 09:32:02.626]:INFO
[2024-04-18 09:32:02.626]:WARN
[2024-04-18 09:32:02.626]:ERROR
[2024-04-18 09:32:02.626]:FATAL
[2024-04-18 09:32:02.736]:debug
[2024-04-18 09:32:02.736]:info
[2024-04-18 09:32:02.736]:warn
[2024-04-18 09:32:02.736]:error
[2024-04-18 09:32:02.736]:fatal
[2024-04-18 09:32:02.736]:qDebug
[2024-04-18 09:32:02.736]:qInfo
[2024-04-18 09:32:02.736]:qWarning
[2024-04-18 09:32:02.736]:qCritical
[2024-04-18 09:32:02.736]:DEBUG 123 hello
[2024-04-18 09:32:02.736]:INFO
[2024-04-18 09:32:02.736]:WARN
[2024-04-18 09:32:02.736]:ERROR
[2024-04-18 09:32:02.736]:FATAL
[2024-04-18 09:32:02.845]:debug
[2024-04-18 09:32:02.845]:info
[2024-04-18 09:32:02.845]:warn
[2024-04-18 09:32:02.845]:error
[2024-04-18 09:32:02.845]:fatal
[2024-04-18 09:32:02.845]:qDebug
[2024-04-18 09:32:02.845]:qInfo
[2024-04-18 09:32:02.845]:qWarning
[2024-04-18 09:32:02.845]:qCritical
[2024-04-18 09:32:02.845]:DEBUG 123 hello
[2024-04-18 09:32:02.845]:INFO
[2024-04-18 09:32:02.845]:WARN
[2024-04-18 09:32:02.845]:ERROR
[2024-04-18 09:32:02.845]:FATAL
[2024-04-18 09:32:02.954]:debug
[2024-04-18 09:32:02.954]:info
[2024-04-18 09:32:02.954]:warn
[2024-04-18 09:32:02.954]:error
[2024-04-18 09:32:02.954]:fatal
[2024-04-18 09:32:02.954]:qDebug
[2024-04-18 09:32:02.954]:qInfo
[2024-04-18 09:32:02.954]:qWarning
[2024-04-18 09:32:02.954]:qCritical
[2024-04-18 09:32:02.954]:DEBUG 123 hello
[2024-04-18 09:32:02.954]:INFO
[2024-04-18 09:32:02.954]:WARN
[2024-04-18 09:32:02.954]:ERROR
[2024-04-18 09:32:02.954]:FATAL
[2024-04-18 09:32:03.064]:debug
[2024-04-18 09:32:03.064]:info
[2024-04-18 09:32:03.064]:warn
[2024-04-18 09:32:03.064]:error
[2024-04-18 09:32:03.064]:fatal
[2024-04-18 09:32:03.064]:qDebug
[2024-04-18 09:32:03.064]:qInfo
[2024-04-18 09:32:03.064]:qWarning
[2024-04-18 09:32:03.064]:qCritical
[2024-04-18 09:32:03.064]:DEBUG 123 hello
[2024-04-18 09:32:03.064]:INFO
[2024-04-18 09:32:03.064]:WARN
[2024-04-18 09:32:03.064]:ERROR
[2024-04-18 09:32:03.064]:FATAL
[2024-04-18 09:32:03.173]:debug
[2024-04-18 09:32:03.173]:info
[2024-04-18 09:32:03.173]:warn
[2024-04-18 09:32:03.173]:error
[2024-04-18 09:32:03.173]:fatal
[2024-04-18 09:32:03.173]:qDebug
[2024-04-18 09:32:03.173]:qInfo
[2024-04-18 09:32:03.173]:qWarning
[2024-04-18 09:32:03.173]:qCritical
[2024-04-18 09:32:03.173]:DEBUG 123 hello
[2024-04-18 09:32:03.173]:INFO
[2024-04-18 09:32:03.173]:WARN
[2024-04-18 09:32:03.173]:ERROR
[2024-04-18 09:32:03.173]:FATAL
[2024-04-18 09:32:03.282]:debug
[2024-04-18 09:32:03.282]:info
[2024-04-18 09:32:03.282]:warn
[2024-04-18 09:32:03.282]:error
[2024-04-18 09:32:03.282]:fatal
[2024-04-18 09:32:03.282]:qDebug
[2024-04-18 09:32:03.282]:qInfo
[2024-04-18 09:32:03.282]:qWarning
[2024-04-18 09:32:03.282]:qCritical
[2024-04-18 09:32:03.282]:DEBUG 123 hello
[2024-04-18 09:32:03.282]:INFO
[2024-04-18 09:32:03.282]:WARN
[2024-04-18 09:32:03.282]:ERROR
[2024-04-18 09:32:03.282]:FATAL
[2024-04-18 09:32:03.392]:debug
[2024-04-18 09:32:03.392]:info
[2024-04-18 09:32:03.392]:warn
[2024-04-18 09:32:03.392]:error
[2024-04-18 09:32:03.392]:fatal
[2024-04-18 09:32:03.392]:qDebug
[2024-04-18 09:32:03.392]:qInfo
[2024-04-18 09:32:03.392]:qWarning
[2024-04-18 09:32:03.392]:qCritical
[2024-04-18 09:32:03.392]:DEBUG 123 hello
[2024-04-18 09:32:03.392]:INFO
[2024-04-18 09:32:03.392]:WARN
[2024-04-18 09:32:03.392]:ERROR
[2024-04-18 09:32:03.392]:FATAL
[2024-04-18 09:32:03.501]:debug
[2024-04-18 09:32:03.501]:info
[2024-04-18 09:32:03.501]:warn
[2024-04-18 09:32:03.501]:error
[2024-04-18 09:32:03.501]:fatal
[2024-04-18 09:32:03.501]:qDebug
[2024-04-18 09:32:03.501]:qInfo
[2024-04-18 09:32:03.501]:qWarning
[2024-04-18 09:32:03.501]:qCritical
[2024-04-18 09:32:03.501]:DEBUG 123 hello
[2024-04-18 09:32:03.501]:INFO
[2024-04-18 09:32:03.501]:WARN
[2024-04-18 09:32:03.501]:ERROR
[2024-04-18 09:32:03.501]:FATAL
[2024-04-18 09:32:03.611]:debug
[2024-04-18 09:32:03.611]:info
[2024-04-18 09:32:03.611]:warn
[2024-04-18 09:32:03.611]:error
[2024-04-18 09:32:03.611]:fatal
[2024-04-18 09:32:03.611]:qDebug
[2024-04-18 09:32:03.611]:qInfo
[2024-04-18 09:32:03.611]:qWarning
[2024-04-18 09:32:03.611]:qCritical
[2024-04-18 09:32:03.611]:DEBUG 123 hello
[2024-04-18 09:32:03.611]:INFO
[2024-04-18 09:32:03.611]:WARN
[2024-04-18 09:32:03.611]:ERROR
[2024-04-18 09:32:03.611]:FATAL
[2024-04-18 09:32:03.721]:debug
[2024-04-18 09:32:03.721]:info
[2024-04-18 09:32:03.721]:warn
[2024-04-18 09:32:03.721]:error
[2024-04-18 09:32:03.721]:fatal
[2024-04-18 09:32:03.721]:qDebug
[2024-04-18 09:32:03.721]:qInfo
[2024-04-18 09:32:03.721]:qWarning
[2024-04-18 09:32:03.721]:qCritical
[2024-04-18 09:32:03.721]:DEBUG 123 hello
[2024-04-18 09:32:03.721]:INFO
[2024-04-18 09:32:03.721]:WARN
[2024-04-18 09:32:03.721]:ERROR
[2024-04-18 09:32:03.721]:FATAL
[2024-04-18 09:32:03.830]:debug
[2024-04-18 09:32:03.830]:info
[2024-04-18 09:32:03.830]:warn
[2024-04-18 09:32:03.830]:error
[2024-04-18 09:32:03.830]:fatal
[2024-04-18 09:32:03.830]:qDebug
[2024-04-18 09:32:03.830]:qInfo
[2024-04-18 09:32:03.830]:qWarning
[2024-04-18 09:32:03.830]:qCritical
[2024-04-18 09:32:03.830]:DEBUG 123 hello
[2024-04-18 09:32:03.830]:INFO
[2024-04-18 09:32:03.830]:WARN
[2024-04-18 09:32:03.830]:ERROR
[2024-04-18 09:32:03.830]:FATAL
[2024-04-18 09:32:03.940]:debug
[2024-04-18 09:32:03.940]:info
[2024-04-18 09:32:03.940]:warn
[2024-04-18 09:32:03.940]:error
[2024-04-18 09:32:03.940]:fatal
[2024-04-18 09:32:03.940]:qDebug
[2024-04-18 09:32:03.940]:qInfo
[2024-04-18 09:32:03.940]:qWarning
[2024-04-18 09:32:03.940]:qCritical
[2024-04-18 09:32:03.940]:DEBUG 123 hello
[2024-04-18 09:32:03.940]:INFO
[2024-04-18 09:32:03.940]:WARN
[2024-04-18 09:32:03.940]:ERROR
[2024-04-18 09:32:03.940]:FATAL
[2024-04-18 09:32:04.049]:debug
[2024-04-18 09:32:04.049]:info
[2024-04-18 09:32:04.049]:warn
[2024-04-18 09:32:04.049]:error
[2024-04-18 09:32:04.049]:fatal
[2024-04-18 09:32:04.049]:qDebug
[2024-04-18 09:32:04.049]:qInfo
[2024-04-18 09:32:04.049]:qWarning
[2024-04-18 09:32:04.049]:qCritical
[2024-04-18 09:32:04.049]:DEBUG 123 hello
[2024-04-18 09:32:04.049]:INFO
[2024-04-18 09:32:04.049]:WARN
[2024-04-18 09:32:04.049]:ERROR
[2024-04-18 09:32:04.049]:FATAL
[2024-04-18 09:32:04.158]:debug
[2024-04-18 09:32:04.158]:info
[2024-04-18 09:32:04.158]:warn
[2024-04-18 09:32:04.158]:error
[2024-04-18 09:32:04.158]:fatal
[2024-04-18 09:32:04.158]:qDebug
[2024-04-18 09:32:04.158]:qInfo
[2024-04-18 09:32:04.158]:qWarning
[2024-04-18 09:32:04.158]:qCritical
[2024-04-18 09:32:04.158]:DEBUG 123 hello
[2024-04-18 09:32:04.158]:INFO
[2024-04-18 09:32:04.158]:WARN
[2024-04-18 09:32:04.158]:ERROR
[2024-04-18 09:32:04.158]:FATAL
[2024-04-18 09:32:04.268]:debug
[2024-04-18 09:32:04.268]:info
[2024-04-18 09:32:04.268]:warn
[2024-04-18 09:32:04.268]:error
[2024-04-18 09:32:04.268]:fatal
[2024-04-18 09:32:04.268]:qDebug
[2024-04-18 09:32:04.268]:qInfo
[2024-04-18 09:32:04.268]:qWarning
[2024-04-18 09:32:04.268]:qCritical
[2024-04-18 09:32:04.268]:DEBUG 123 hello
[2024-04-18 09:32:04.268]:INFO
[2024-04-18 09:32:04.268]:WARN
[2024-04-18 09:32:04.268]:ERROR
[2024-04-18 09:32:04.268]:FATAL
[2024-04-18 09:32:04.377]:debug
[2024-04-18 09:32:04.377]:info
[2024-04-18 09:32:04.377]:warn
[2024-04-18 09:32:04.377]:error
[2024-04-18 09:32:04.377]:fatal
[2024-04-18 09:32:04.377]:qDebug
[2024-04-18 09:32:04.377]:qInfo
[2024-04-18 09:32:04.377]:qWarning
[2024-04-18 09:32:04.377]:qCritical
[2024-04-18 09:32:04.377]:DEBUG 123 hello
[2024-04-18 09:32:04.377]:INFO
[2024-04-18 09:32:04.377]:WARN
[2024-04-18 09:32:04.377]:ERROR
[2024-04-18 09:32:04.377]:FATAL
[2024-04-18 09:32:04.486]:debug
[2024-04-18 09:32:04.487]:info
[2024-04-18 09:32:04.487]:warn
[2024-04-18 09:32:04.487]:error
[2024-04-18 09:32:04.487]:fatal
[2024-04-18 09:32:04.487]:qDebug
[2024-04-18 09:32:04.487]:qInfo
[2024-04-18 09:32:04.487]:qWarning
[2024-04-18 09:32:04.487]:qCritical
[2024-04-18 09:32:04.487]:DEBUG 123 hello
[2024-04-18 09:32:04.487]:INFO
[2024-04-18 09:32:04.487]:WARN
[2024-04-18 09:32:04.487]:ERROR
[2024-04-18 09:32:04.487]:FATAL
[2024-04-18 09:32:04.595]:debug
[2024-04-18 09:32:04.596]:info
[2024-04-18 09:32:04.596]:warn
[2024-04-18 09:32:04.596]:error
[2024-04-18 09:32:04.596]:fatal
[2024-04-18 09:32:04.596]:qDebug
[2024-04-18 09:32:04.596]:qInfo
[2024-04-18 09:32:04.596]:qWarning
[2024-04-18 09:32:04.596]:qCritical
[2024-04-18 09:32:04.596]:DEBUG 123 hello
[2024-04-18 09:32:04.596]:INFO
[2024-04-18 09:32:04.596]:WARN
[2024-04-18 09:32:04.596]:ERROR
[2024-04-18 09:32:04.596]:FATAL
[2024-04-18 09:32:04.703]:debug
[2024-04-18 09:32:04.703]:info
[2024-04-18 09:32:04.703]:warn
[2024-04-18 09:32:04.703]:error
[2024-04-18 09:32:04.703]:fatal
[2024-04-18 09:32:04.703]:qDebug
[2024-04-18 09:32:04.703]:qInfo
[2024-04-18 09:32:04.703]:qWarning
[2024-04-18 09:32:04.703]:qCritical
[2024-04-18 09:32:04.703]:DEBUG 123 hello
[2024-04-18 09:32:04.703]:INFO
[2024-04-18 09:32:04.703]:WARN
[2024-04-18 09:32:04.703]:ERROR
[2024-04-18 09:32:04.703]:FATAL
[2024-04-18 09:32:04.813]:debug
[2024-04-18 09:32:04.813]:info
[2024-04-18 09:32:04.813]:warn
[2024-04-18 09:32:04.813]:error
[2024-04-18 09:32:04.813]:fatal
[2024-04-18 09:32:04.813]:qDebug
[2024-04-18 09:32:04.813]:qInfo
[2024-04-18 09:32:04.813]:qWarning
[2024-04-18 09:32:04.813]:qCritical
[2024-04-18 09:32:04.813]:DEBUG 123 hello
[2024-04-18 09:32:04.813]:INFO
[2024-04-18 09:32:04.813]:WARN
[2024-04-18 09:32:04.813]:ERROR
[2024-04-18 09:32:04.813]:FATAL
[2024-04-18 09:32:04.922]:debug
[2024-04-18 09:32:04.922]:info
[2024-04-18 09:32:04.922]:warn
[2024-04-18 09:32:04.922]:error
[2024-04-18 09:32:04.922]:fatal
[2024-04-18 09:32:04.922]:qDebug
[2024-04-18 09:32:04.922]:qInfo
[2024-04-18 09:32:04.922]:qWarning
[2024-04-18 09:32:04.922]:qCritical
[2024-04-18 09:32:04.922]:DEBUG 123 hello
[2024-04-18 09:32:04.922]:INFO
[2024-04-18 09:32:04.922]:WARN
[2024-04-18 09:32:04.922]:ERROR
[2024-04-18 09:32:04.922]:FATAL
[2024-04-18 09:32:05.031]:debug
[2024-04-18 09:32:05.031]:info
[2024-04-18 09:32:05.031]:warn
[2024-04-18 09:32:05.031]:error
[2024-04-18 09:32:05.031]:fatal
[2024-04-18 09:32:05.031]:qDebug
[2024-04-18 09:32:05.031]:qInfo
[2024-04-18 09:32:05.031]:qWarning
[2024-04-18 09:32:05.031]:qCritical
[2024-04-18 09:32:05.031]:DEBUG 123 hello
[2024-04-18 09:32:05.031]:INFO
[2024-04-18 09:32:05.031]:WARN
[2024-04-18 09:32:05.031]:ERROR
[2024-04-18 09:32:05.031]:FATAL
[2024-04-18 09:32:05.139]:debug
[2024-04-18 09:32:05.139]:info
[2024-04-18 09:32:05.139]:warn
[2024-04-18 09:32:05.139]:error
[2024-04-18 09:32:05.139]:fatal
[2024-04-18 09:32:05.139]:qDebug
[2024-04-18 09:32:05.139]:qInfo
[2024-04-18 09:32:05.139]:qWarning
[2024-04-18 09:32:05.139]:qCritical
[2024-04-18 09:32:05.139]:DEBUG 123 hello
[2024-04-18 09:32:05.139]:INFO
[2024-04-18 09:32:05.139]:WARN
[2024-04-18 09:32:05.139]:ERROR
[2024-04-18 09:32:05.139]:FATAL
[2024-04-18 09:32:05.249]:debug
[2024-04-18 09:32:05.249]:info
[2024-04-18 09:32:05.249]:warn
[2024-04-18 09:32:05.249]:error
[2024-04-18 09:32:05.249]:fatal
[2024-04-18 09:32:05.249]:qDebug
[2024-04-18 09:32:05.249]:qInfo
[2024-04-18 09:32:05.249]:qWarning
[2024-04-18 09:32:05.249]:qCritical
[2024-04-18 09:32:05.249]:DEBUG 123 hello
[2024-04-18 09:32:05.249]:INFO
[2024-04-18 09:32:05.249]:WARN
[2024-04-18 09:32:05.249]:ERROR
[2024-04-18 09:32:05.249]:FATAL
[2024-04-18 09:32:05.358]:debug
[2024-04-18 09:32:05.358]:info
[2024-04-18 09:32:05.358]:warn
[2024-04-18 09:32:05.358]:error
[2024-04-18 09:32:05.358]:fatal
[2024-04-18 09:32:05.358]:qDebug
[2024-04-18 09:32:05.358]:qInfo
[2024-04-18 09:32:05.358]:qWarning
[2024-04-18 09:32:05.358]:qCritical
[2024-04-18 09:32:05.358]:DEBUG 123 hello
[2024-04-18 09:32:05.358]:INFO
[2024-04-18 09:32:05.358]:WARN
[2024-04-18 09:32:05.358]:ERROR
[2024-04-18 09:32:05.358]:FATAL
[2024-04-18 09:32:05.467]:debug
[2024-04-18 09:32:05.467]:info
[2024-04-18 09:32:05.467]:warn
[2024-04-18 09:32:05.467]:error
[2024-04-18 09:32:05.467]:fatal
[2024-04-18 09:32:05.467]:qDebug
[2024-04-18 09:32:05.467]:qInfo
[2024-04-18 09:32:05.467]:qWarning
[2024-04-18 09:32:05.467]:qCritical
[2024-04-18 09:32:05.467]:DEBUG 123 hello
[2024-04-18 09:32:05.467]:INFO
[2024-04-18 09:32:05.467]:WARN
[2024-04-18 09:32:05.467]:ERROR
[2024-04-18 09:32:05.467]:FATAL
[2024-04-18 09:32:05.576]:debug
[2024-04-18 09:32:05.576]:info
[2024-04-18 09:32:05.576]:warn
[2024-04-18 09:32:05.576]:error
[2024-04-18 09:32:05.576]:fatal
[2024-04-18 09:32:05.576]:qDebug
[2024-04-18 09:32:05.576]:qInfo
[2024-04-18 09:32:05.576]:qWarning
[2024-04-18 09:32:05.576]:qCritical
[2024-04-18 09:32:05.576]:DEBUG 123 hello
[2024-04-18 09:32:05.576]:INFO
[2024-04-18 09:32:05.576]:WARN
[2024-04-18 09:32:05.576]:ERROR
[2024-04-18 09:32:05.576]:FATAL
[2024-04-18 09:32:05.686]:debug
[2024-04-18 09:32:05.686]:info
[2024-04-18 09:32:05.686]:warn
[2024-04-18 09:32:05.686]:error
[2024-04-18 09:32:05.686]:fatal
[2024-04-18 09:32:05.686]:qDebug
[2024-04-18 09:32:05.686]:qInfo
[2024-04-18 09:32:05.686]:qWarning
[2024-04-18 09:32:05.686]:qCritical
[2024-04-18 09:32:05.686]:DEBUG 123 hello
[2024-04-18 09:32:05.686]:INFO
[2024-04-18 09:32:05.686]:WARN
[2024-04-18 09:32:05.686]:ERROR
[2024-04-18 09:32:05.686]:FATAL
[2024-04-18 09:32:05.794]:debug
[2024-04-18 09:32:05.794]:info
[2024-04-18 09:32:05.794]:warn
[2024-04-18 09:32:05.794]:error
[2024-04-18 09:32:05.794]:fatal
[2024-04-18 09:32:05.794]:qDebug
[2024-04-18 09:32:05.794]:qInfo
[2024-04-18 09:32:05.794]:qWarning
[2024-04-18 09:32:05.794]:qCritical
[2024-04-18 09:32:05.794]:DEBUG 123 hello
[2024-04-18 09:32:05.794]:INFO
[2024-04-18 09:32:05.794]:WARN
[2024-04-18 09:32:05.794]:ERROR
[2024-04-18 09:32:05.794]:FATAL
[2024-04-18 09:32:05.905]:debug
[2024-04-18 09:32:05.905]:info
[2024-04-18 09:32:05.905]:warn
[2024-04-18 09:32:05.905]:error
[2024-04-18 09:32:05.905]:fatal
[2024-04-18 09:32:05.905]:qDebug
[2024-04-18 09:32:05.905]:qInfo
[2024-04-18 09:32:05.905]:qWarning
[2024-04-18 09:32:05.905]:qCritical
[2024-04-18 09:32:05.905]:DEBUG 123 hello
[2024-04-18 09:32:05.905]:INFO
[2024-04-18 09:32:05.905]:WARN
[2024-04-18 09:32:05.905]:ERROR
[2024-04-18 09:32:05.905]:FATAL
[2024-04-18 09:32:06.013]:debug
[2024-04-18 09:32:06.013]:info
[2024-04-18 09:32:06.013]:warn
[2024-04-18 09:32:06.013]:error
[2024-04-18 09:32:06.013]:fatal
[2024-04-18 09:32:06.013]:qDebug
[2024-04-18 09:32:06.013]:qInfo
[2024-04-18 09:32:06.013]:qWarning
[2024-04-18 09:32:06.013]:qCritical
[2024-04-18 09:32:06.013]:DEBUG 123 hello
[2024-04-18 09:32:06.013]:INFO
[2024-04-18 09:32:06.013]:WARN
[2024-04-18 09:32:06.013]:ERROR
[2024-04-18 09:32:06.013]:FATAL
[2024-04-18 09:32:06.122]:debug
[2024-04-18 09:32:06.122]:info
[2024-04-18 09:32:06.122]:warn
[2024-04-18 09:32:06.122]:error
[2024-04-18 09:32:06.122]:fatal
[2024-04-18 09:32:06.122]:qDebug
[2024-04-18 09:32:06.122]:qInfo
[2024-04-18 09:32:06.122]:qWarning
[2024-04-18 09:32:06.122]:qCritical
[2024-04-18 09:32:06.122]:DEBUG 123 hello
[2024-04-18 09:32:06.122]:INFO
[2024-04-18 09:32:06.122]:WARN
[2024-04-18 09:32:06.122]:ERROR
[2024-04-18 09:32:06.122]:FATAL
[2024-04-18 09:32:06.230]:debug
[2024-04-18 09:32:06.230]:info
[2024-04-18 09:32:06.230]:warn
[2024-04-18 09:32:06.230]:error
[2024-04-18 09:32:06.230]:fatal
[2024-04-18 09:32:06.230]:qDebug
[2024-04-18 09:32:06.230]:qInfo
[2024-04-18 09:32:06.230]:qWarning
[2024-04-18 09:32:06.230]:qCritical
[2024-04-18 09:32:06.230]:DEBUG 123 hello
[2024-04-18 09:32:06.230]:INFO
[2024-04-18 09:32:06.230]:WARN
[2024-04-18 09:32:06.230]:ERROR
[2024-04-18 09:32:06.230]:FATAL
[2024-04-18 09:32:06.337]:debug
[2024-04-18 09:32:06.337]:info
[2024-04-18 09:32:06.337]:warn
[2024-04-18 09:32:06.337]:error
[2024-04-18 09:32:06.337]:fatal
[2024-04-18 09:32:06.337]:qDebug
[2024-04-18 09:32:06.337]:qInfo
[2024-04-18 09:32:06.338]:qWarning
[2024-04-18 09:32:06.338]:qCritical
[2024-04-18 09:32:06.338]:DEBUG 123 hello
[2024-04-18 09:32:06.338]:INFO
[2024-04-18 09:32:06.338]:WARN
[2024-04-18 09:32:06.338]:ERROR
[2024-04-18 09:32:06.338]:FATAL
[2024-04-18 09:32:06.447]:debug
[2024-04-18 09:32:06.447]:info
[2024-04-18 09:32:06.447]:warn
[2024-04-18 09:32:06.447]:error
[2024-04-18 09:32:06.447]:fatal
[2024-04-18 09:32:06.447]:qDebug
[2024-04-18 09:32:06.447]:qInfo
[2024-04-18 09:32:06.447]:qWarning
[2024-04-18 09:32:06.447]:qCritical
[2024-04-18 09:32:06.447]:DEBUG 123 hello
[2024-04-18 09:32:06.447]:INFO
[2024-04-18 09:32:06.447]:WARN
[2024-04-18 09:32:06.447]:ERROR
[2024-04-18 09:32:06.447]:FATAL
[2024-04-18 09:32:06.557]:debug
[2024-04-18 09:32:06.557]:info
[2024-04-18 09:32:06.557]:warn
[2024-04-18 09:32:06.557]:error
[2024-04-18 09:32:06.557]:fatal
[2024-04-18 09:32:06.557]:qDebug
[2024-04-18 09:32:06.557]:qInfo
[2024-04-18 09:32:06.557]:qWarning
[2024-04-18 09:32:06.557]:qCritical
[2024-04-18 09:32:06.557]:DEBUG 123 hello
[2024-04-18 09:32:06.557]:INFO
[2024-04-18 09:32:06.557]:WARN
[2024-04-18 09:32:06.557]:ERROR
[2024-04-18 09:32:06.557]:FATAL
[2024-04-18 09:32:06.667]:debug
[2024-04-18 09:32:06.667]:info
[2024-04-18 09:32:06.667]:warn
[2024-04-18 09:32:06.667]:error
[2024-04-18 09:32:06.667]:fatal
[2024-04-18 09:32:06.667]:qDebug
[2024-04-18 09:32:06.667]:qInfo
[2024-04-18 09:32:06.667]:qWarning
[2024-04-18 09:32:06.667]:qCritical
[2024-04-18 09:32:06.667]:DEBUG 123 hello
[2024-04-18 09:32:06.667]:INFO
[2024-04-18 09:32:06.667]:WARN
[2024-04-18 09:32:06.667]:ERROR
[2024-04-18 09:32:06.667]:FATAL
[2024-04-18 09:32:06.779]:debug
[2024-04-18 09:32:06.779]:info
[2024-04-18 09:32:06.779]:warn
[2024-04-18 09:32:06.779]:error
[2024-04-18 09:32:06.779]:fatal
[2024-04-18 09:32:06.779]:qDebug
[2024-04-18 09:32:06.779]:qInfo
[2024-04-18 09:32:06.779]:qWarning
[2024-04-18 09:32:06.779]:qCritical
[2024-04-18 09:32:06.779]:DEBUG 123 hello
[2024-04-18 09:32:06.779]:INFO
[2024-04-18 09:32:06.779]:WARN
[2024-04-18 09:32:06.779]:ERROR
[2024-04-18 09:32:06.779]:FATAL
[2024-04-18 09:32:06.911]:debug
[2024-04-18 09:32:06.911]:info
[2024-04-18 09:32:06.911]:warn
[2024-04-18 09:32:06.911]:error
[2024-04-18 09:32:06.911]:fatal
[2024-04-18 09:32:06.911]:qDebug
[2024-04-18 09:32:06.911]:qInfo
[2024-04-18 09:32:06.911]:qWarning
[2024-04-18 09:32:06.911]:qCritical
[2024-04-18 09:32:06.911]:DEBUG 123 hello
[2024-04-18 09:32:06.911]:INFO
[2024-04-18 09:32:06.911]:WARN
[2024-04-18 09:32:06.911]:ERROR
[2024-04-18 09:32:06.911]:FATAL
[2024-04-18 09:32:07.014]:debug
[2024-04-18 09:32:07.014]:info
[2024-04-18 09:32:07.014]:warn
[2024-04-18 09:32:07.014]:error
[2024-04-18 09:32:07.014]:fatal
[2024-04-18 09:32:07.014]:qDebug
[2024-04-18 09:32:07.014]:qInfo
[2024-04-18 09:32:07.014]:qWarning
[2024-04-18 09:32:07.014]:qCritical
[2024-04-18 09:32:07.014]:DEBUG 123 hello
[2024-04-18 09:32:07.014]:INFO
[2024-04-18 09:32:07.014]:WARN
[2024-04-18 09:32:07.014]:ERROR
[2024-04-18 09:32:07.014]:FATAL
[2024-04-18 09:32:07.124]:debug
[2024-04-18 09:32:07.125]:info
[2024-04-18 09:32:07.125]:warn
[2024-04-18 09:32:07.125]:error
[2024-04-18 09:32:07.125]:fatal
[2024-04-18 09:32:07.125]:qDebug
[2024-04-18 09:32:07.125]:qInfo
[2024-04-18 09:32:07.125]:qWarning
[2024-04-18 09:32:07.125]:qCritical
[2024-04-18 09:32:07.125]:DEBUG 123 hello
[2024-04-18 09:32:07.125]:INFO
[2024-04-18 09:32:07.125]:WARN
[2024-04-18 09:32:07.125]:ERROR
[2024-04-18 09:32:07.125]:FATAL
[2024-04-18 09:32:07.233]:debug
[2024-04-18 09:32:07.233]:info
[2024-04-18 09:32:07.233]:warn
[2024-04-18 09:32:07.233]:error
[2024-04-18 09:32:07.233]:fatal
[2024-04-18 09:32:07.233]:qDebug
[2024-04-18 09:32:07.233]:qInfo
[2024-04-18 09:32:07.233]:qWarning
[2024-04-18 09:32:07.233]:qCritical
[2024-04-18 09:32:07.233]:DEBUG 123 hello
[2024-04-18 09:32:07.233]:INFO
[2024-04-18 09:32:07.233]:WARN
[2024-04-18 09:32:07.233]:ERROR
[2024-04-18 09:32:07.233]:FATAL
[2024-04-18 09:32:07.339]:debug
[2024-04-18 09:32:07.339]:info
[2024-04-18 09:32:07.339]:warn
[2024-04-18 09:32:07.339]:error
[2024-04-18 09:32:07.339]:fatal
[2024-04-18 09:32:07.339]:qDebug
[2024-04-18 09:32:07.339]:qInfo
[2024-04-18 09:32:07.339]:qWarning
[2024-04-18 09:32:07.339]:qCritical
[2024-04-18 09:32:07.339]:DEBUG 123 hello
[2024-04-18 09:32:07.339]:INFO
[2024-04-18 09:32:07.339]:WARN
[2024-04-18 09:32:07.339]:ERROR
[2024-04-18 09:32:07.339]:FATAL
[2024-04-18 09:32:07.449]:debug
[2024-04-18 09:32:07.449]:info
[2024-04-18 09:32:07.449]:warn
[2024-04-18 09:32:07.449]:error
[2024-04-18 09:32:07.449]:fatal
[2024-04-18 09:32:07.449]:qDebug
[2024-04-18 09:32:07.449]:qInfo
[2024-04-18 09:32:07.449]:qWarning
[2024-04-18 09:32:07.449]:qCritical
[2024-04-18 09:32:07.449]:DEBUG 123 hello
[2024-04-18 09:32:07.449]:INFO
[2024-04-18 09:32:07.449]:WARN
[2024-04-18 09:32:07.449]:ERROR
[2024-04-18 09:32:07.449]:FATAL
[2024-04-18 09:32:07.558]:debug
[2024-04-18 09:32:07.558]:info
[2024-04-18 09:32:07.558]:warn
[2024-04-18 09:32:07.558]:error
[2024-04-18 09:32:07.558]:fatal
[2024-04-18 09:32:07.558]:qDebug
[2024-04-18 09:32:07.558]:qInfo
[2024-04-18 09:32:07.558]:qWarning
[2024-04-18 09:32:07.558]:qCritical
[2024-04-18 09:32:07.558]:DEBUG 123 hello
[2024-04-18 09:32:07.558]:INFO
[2024-04-18 09:32:07.558]:WARN
[2024-04-18 09:32:07.558]:ERROR
[2024-04-18 09:32:07.558]:FATAL
[2024-04-18 09:32:07.669]:debug
[2024-04-18 09:32:07.669]:info
[2024-04-18 09:32:07.669]:warn
[2024-04-18 09:32:07.669]:error
[2024-04-18 09:32:07.669]:fatal
[2024-04-18 09:32:07.669]:qDebug
[2024-04-18 09:32:07.669]:qInfo
[2024-04-18 09:32:07.669]:qWarning
[2024-04-18 09:32:07.669]:qCritical
[2024-04-18 09:32:07.669]:DEBUG 123 hello
[2024-04-18 09:32:07.669]:INFO
[2024-04-18 09:32:07.669]:WARN
[2024-04-18 09:32:07.669]:ERROR
[2024-04-18 09:32:07.669]:FATAL
[2024-04-18 09:32:07.779]:debug
[2024-04-18 09:32:07.779]:info
[2024-04-18 09:32:07.779]:warn
[2024-04-18 09:32:07.779]:error
[2024-04-18 09:32:07.779]:fatal
[2024-04-18 09:32:07.779]:qDebug
[2024-04-18 09:32:07.779]:qInfo
[2024-04-18 09:32:07.779]:qWarning
[2024-04-18 09:32:07.779]:qCritical
[2024-04-18 09:32:07.779]:DEBUG 123 hello
[2024-04-18 09:32:07.779]:INFO
[2024-04-18 09:32:07.779]:WARN
[2024-04-18 09:32:07.779]:ERROR
[2024-04-18 09:32:07.779]:FATAL
[2024-04-18 09:32:07.888]:debug
[2024-04-18 09:32:07.888]:info
[2024-04-18 09:32:07.888]:warn
[2024-04-18 09:32:07.888]:error
[2024-04-18 09:32:07.888]:fatal
[2024-04-18 09:32:07.888]:qDebug
[2024-04-18 09:32:07.888]:qInfo
[2024-04-18 09:32:07.888]:qWarning
[2024-04-18 09:32:07.888]:qCritical
[2024-04-18 09:32:07.888]:DEBUG 123 hello
[2024-04-18 09:32:07.888]:INFO
[2024-04-18 09:32:07.888]:WARN
[2024-04-18 09:32:07.888]:ERROR
[2024-04-18 09:32:07.888]:FATAL
[2024-04-18 09:32:07.999]:debug
[2024-04-18 09:32:07.999]:info
[2024-04-18 09:32:07.999]:warn
[2024-04-18 09:32:07.999]:error
[2024-04-18 09:32:07.999]:fatal
[2024-04-18 09:32:07.999]:qDebug
[2024-04-18 09:32:07.999]:qInfo
[2024-04-18 09:32:07.999]:qWarning
[2024-04-18 09:32:07.999]:qCritical
[2024-04-18 09:32:07.999]:DEBUG 123 hello
[2024-04-18 09:32:07.999]:INFO
[2024-04-18 09:32:07.999]:WARN
[2024-04-18 09:32:07.999]:ERROR
[2024-04-18 09:32:07.999]:FATAL
[2024-04-18 09:32:08.110]:debug
[2024-04-18 09:32:08.110]:info
[2024-04-18 09:32:08.110]:warn
[2024-04-18 09:32:08.110]:error
[2024-04-18 09:32:08.110]:fatal
[2024-04-18 09:32:08.110]:qDebug
[2024-04-18 09:32:08.110]:qInfo
[2024-04-18 09:32:08.110]:qWarning
[2024-04-18 09:32:08.110]:qCritical
[2024-04-18 09:32:08.110]:DEBUG 123 hello
[2024-04-18 09:32:08.110]:INFO
[2024-04-18 09:32:08.110]:WARN
[2024-04-18 09:32:08.110]:ERROR
[2024-04-18 09:32:08.110]:FATAL
[2024-04-18 09:32:08.218]:debug
[2024-04-18 09:32:08.218]:info
[2024-04-18 09:32:08.218]:warn
[2024-04-18 09:32:08.218]:error
[2024-04-18 09:32:08.218]:fatal
[2024-04-18 09:32:08.218]:qDebug
[2024-04-18 09:32:08.218]:qInfo
[2024-04-18 09:32:08.218]:qWarning
[2024-04-18 09:32:08.218]:qCritical
[2024-04-18 09:32:08.218]:DEBUG 123 hello
[2024-04-18 09:32:08.218]:INFO
[2024-04-18 09:32:08.218]:WARN
[2024-04-18 09:32:08.218]:ERROR
[2024-04-18 09:32:08.218]:FATAL
[2024-04-18 09:32:08.327]:debug
[2024-04-18 09:32:08.327]:info
[2024-04-18 09:32:08.327]:warn
[2024-04-18 09:32:08.327]:error
[2024-04-18 09:32:08.327]:fatal
[2024-04-18 09:32:08.327]:qDebug
[2024-04-18 09:32:08.327]:qInfo
[2024-04-18 09:32:08.327]:qWarning
[2024-04-18 09:32:08.327]:qCritical
[2024-04-18 09:32:08.327]:DEBUG 123 hello
[2024-04-18 09:32:08.327]:INFO
[2024-04-18 09:32:08.327]:WARN
[2024-04-18 09:32:08.327]:ERROR
[2024-04-18 09:32:08.327]:FATAL
[2024-04-18 09:32:08.436]:debug
[2024-04-18 09:32:08.436]:info
[2024-04-18 09:32:08.436]:warn
[2024-04-18 09:32:08.436]:error
[2024-04-18 09:32:08.436]:fatal
[2024-04-18 09:32:08.436]:qDebug
[2024-04-18 09:32:08.436]:qInfo
[2024-04-18 09:32:08.436]:qWarning
[2024-04-18 09:32:08.436]:qCritical
[2024-04-18 09:32:08.436]:DEBUG 123 hello
[2024-04-18 09:32:08.436]:INFO
[2024-04-18 09:32:08.436]:WARN
[2024-04-18 09:32:08.436]:ERROR
[2024-04-18 09:32:08.436]:FATAL
[2024-04-18 09:32:08.544]:debug
[2024-04-18 09:32:08.544]:info
[2024-04-18 09:32:08.544]:warn
[2024-04-18 09:32:08.544]:error
[2024-04-18 09:32:08.544]:fatal
[2024-04-18 09:32:08.544]:qDebug
[2024-04-18 09:32:08.544]:qInfo
[2024-04-18 09:32:08.544]:qWarning
[2024-04-18 09:32:08.544]:qCritical
[2024-04-18 09:32:08.544]:DEBUG 123 hello
[2024-04-18 09:32:08.544]:INFO
[2024-04-18 09:32:08.544]:WARN
[2024-04-18 09:32:08.544]:ERROR
[2024-04-18 09:32:08.544]:FATAL
[2024-04-18 09:32:08.654]:debug
[2024-04-18 09:32:08.654]:info
[2024-04-18 09:32:08.654]:warn
[2024-04-18 09:32:08.654]:error
[2024-04-18 09:32:08.654]:fatal
[2024-04-18 09:32:08.654]:qDebug
[2024-04-18 09:32:08.654]:qInfo
[2024-04-18 09:32:08.654]:qWarning
[2024-04-18 09:32:08.654]:qCritical
[2024-04-18 09:32:08.654]:DEBUG 123 hello
[2024-04-18 09:32:08.654]:INFO
[2024-04-18 09:32:08.654]:WARN
[2024-04-18 09:32:08.654]:ERROR
[2024-04-18 09:32:08.654]:FATAL
[2024-04-18 09:32:08.763]:debug
[2024-04-18 09:32:08.764]:info
[2024-04-18 09:32:08.764]:warn
[2024-04-18 09:32:08.764]:error
[2024-04-18 09:32:08.764]:fatal
[2024-04-18 09:32:08.764]:qDebug
[2024-04-18 09:32:08.764]:qInfo
[2024-04-18 09:32:08.764]:qWarning
[2024-04-18 09:32:08.764]:qCritical
[2024-04-18 09:32:08.764]:DEBUG 123 hello
[2024-04-18 09:32:08.764]:INFO
[2024-04-18 09:32:08.764]:WARN
[2024-04-18 09:32:08.764]:ERROR
[2024-04-18 09:32:08.764]:FATAL
[2024-04-18 09:32:08.872]:debug
[2024-04-18 09:32:08.872]:info
[2024-04-18 09:32:08.872]:warn
[2024-04-18 09:32:08.872]:error
[2024-04-18 09:32:08.872]:fatal
[2024-04-18 09:32:08.872]:qDebug
[2024-04-18 09:32:08.872]:qInfo
[2024-04-18 09:32:08.872]:qWarning
[2024-04-18 09:32:08.872]:qCritical
[2024-04-18 09:32:08.872]:DEBUG 123 hello
[2024-04-18 09:32:08.872]:INFO
[2024-04-18 09:32:08.872]:WARN
[2024-04-18 09:32:08.872]:ERROR
[2024-04-18 09:32:08.872]:FATAL
[2024-04-18 09:32:08.983]:debug
[2024-04-18 09:32:08.983]:info
[2024-04-18 09:32:08.983]:warn
[2024-04-18 09:32:08.983]:error
[2024-04-18 09:32:08.983]:fatal
[2024-04-18 09:32:08.983]:qDebug
[2024-04-18 09:32:08.983]:qInfo
[2024-04-18 09:32:08.983]:qWarning
[2024-04-18 09:32:08.983]:qCritical
[2024-04-18 09:32:08.983]:DEBUG 123 hello
[2024-04-18 09:32:08.983]:INFO
[2024-04-18 09:32:08.983]:WARN
[2024-04-18 09:32:08.983]:ERROR
[2024-04-18 09:32:08.983]:FATAL
[2024-04-18 09:32:09.092]:debug
[2024-04-18 09:32:09.092]:info
[2024-04-18 09:32:09.092]:warn
[2024-04-18 09:32:09.092]:error
[2024-04-18 09:32:09.092]:fatal
[2024-04-18 09:32:09.092]:qDebug
[2024-04-18 09:32:09.092]:qInfo
[2024-04-18 09:32:09.092]:qWarning
[2024-04-18 09:32:09.092]:qCritical
[2024-04-18 09:32:09.092]:DEBUG 123 hello
[2024-04-18 09:32:09.092]:INFO
[2024-04-18 09:32:09.092]:WARN
[2024-04-18 09:32:09.092]:ERROR
[2024-04-18 09:32:09.092]:FATAL
[2024-04-18 09:32:09.202]:debug
[2024-04-18 09:32:09.202]:info
[2024-04-18 09:32:09.202]:warn
[2024-04-18 09:32:09.202]:error
[2024-04-18 09:32:09.202]:fatal
[2024-04-18 09:32:09.202]:qDebug
[2024-04-18 09:32:09.202]:qInfo
[2024-04-18 09:32:09.202]:qWarning
[2024-04-18 09:32:09.202]:qCritical
[2024-04-18 09:32:09.202]:DEBUG 123 hello
[2024-04-18 09:32:09.202]:INFO
[2024-04-18 09:32:09.202]:WARN
[2024-04-18 09:32:09.202]:ERROR
[2024-04-18 09:32:09.202]:FATAL
[2024-04-18 09:32:09.311]:debug
[2024-04-18 09:32:09.311]:info
[2024-04-18 09:32:09.311]:warn
[2024-04-18 09:32:09.311]:error
[2024-04-18 09:32:09.311]:fatal
[2024-04-18 09:32:09.311]:qDebug
[2024-04-18 09:32:09.311]:qInfo
[2024-04-18 09:32:09.311]:qWarning
[2024-04-18 09:32:09.311]:qCritical
[2024-04-18 09:32:09.311]:DEBUG 123 hello
[2024-04-18 09:32:09.311]:INFO
[2024-04-18 09:32:09.311]:WARN
[2024-04-18 09:32:09.311]:ERROR
[2024-04-18 09:32:09.311]:FATAL
[2024-04-18 09:32:09.419]:debug
[2024-04-18 09:32:09.419]:info
[2024-04-18 09:32:09.419]:warn
[2024-04-18 09:32:09.419]:error
[2024-04-18 09:32:09.419]:fatal
[2024-04-18 09:32:09.419]:qDebug
[2024-04-18 09:32:09.419]:qInfo
[2024-04-18 09:32:09.419]:qWarning
[2024-04-18 09:32:09.419]:qCritical
[2024-04-18 09:32:09.419]:DEBUG 123 hello
[2024-04-18 09:32:09.419]:INFO
[2024-04-18 09:32:09.419]:WARN
[2024-04-18 09:32:09.419]:ERROR
[2024-04-18 09:32:09.419]:FATAL
[2024-04-18 09:32:09.525]:debug
[2024-04-18 09:32:09.525]:info
[2024-04-18 09:32:09.525]:warn
[2024-04-18 09:32:09.525]:error
[2024-04-18 09:32:09.525]:fatal
[2024-04-18 09:32:09.525]:qDebug
[2024-04-18 09:32:09.525]:qInfo
[2024-04-18 09:32:09.525]:qWarning
[2024-04-18 09:32:09.525]:qCritical
[2024-04-18 09:32:09.525]:DEBUG 123 hello
[2024-04-18 09:32:09.525]:INFO
[2024-04-18 09:32:09.525]:WARN
[2024-04-18 09:32:09.525]:ERROR
[2024-04-18 09:32:09.525]:FATAL
[2024-04-18 09:32:09.635]:debug
[2024-04-18 09:32:09.635]:info
[2024-04-18 09:32:09.635]:warn
[2024-04-18 09:32:09.635]:error
[2024-04-18 09:32:09.635]:fatal
[2024-04-18 09:32:09.635]:qDebug
[2024-04-18 09:32:09.635]:qInfo
[2024-04-18 09:32:09.635]:qWarning
[2024-04-18 09:32:09.635]:qCritical
[2024-04-18 09:32:09.635]:DEBUG 123 hello
[2024-04-18 09:32:09.635]:INFO
[2024-04-18 09:32:09.635]:WARN
[2024-04-18 09:32:09.635]:ERROR
[2024-04-18 09:32:09.635]:FATAL
[2024-04-18 09:32:09.744]:debug
[2024-04-18 09:32:09.744]:info
[2024-04-18 09:32:09.744]:warn
[2024-04-18 09:32:09.744]:error
[2024-04-18 09:32:09.744]:fatal
[2024-04-18 09:32:09.744]:qDebug
[2024-04-18 09:32:09.744]:qInfo
[2024-04-18 09:32:09.744]:qWarning
[2024-04-18 09:32:09.744]:qCritical
[2024-04-18 09:32:09.744]:DEBUG 123 hello
[2024-04-18 09:32:09.744]:INFO
[2024-04-18 09:32:09.744]:WARN
[2024-04-18 09:32:09.744]:ERROR
[2024-04-18 09:32:09.744]:FATAL
[2024-04-18 09:32:09.855]:debug
[2024-04-18 09:32:09.855]:info
[2024-04-18 09:32:09.855]:warn
[2024-04-18 09:32:09.855]:error
[2024-04-18 09:32:09.855]:fatal
[2024-04-18 09:32:09.855]:qDebug
[2024-04-18 09:32:09.855]:qInfo
[2024-04-18 09:32:09.855]:qWarning
[2024-04-18 09:32:09.856]:qCritical
[2024-04-18 09:32:09.856]:DEBUG 123 hello
[2024-04-18 09:32:09.856]:INFO
[2024-04-18 09:32:09.856]:WARN
[2024-04-18 09:32:09.856]:ERROR
[2024-04-18 09:32:09.856]:FATAL
[2024-04-18 09:32:09.966]:debug
[2024-04-18 09:32:09.966]:info
[2024-04-18 09:32:09.966]:warn
[2024-04-18 09:32:09.966]:error
[2024-04-18 09:32:09.966]:fatal
[2024-04-18 09:32:09.966]:qDebug
[2024-04-18 09:32:09.966]:qInfo
[2024-04-18 09:32:09.966]:qWarning
[2024-04-18 09:32:09.966]:qCritical
[2024-04-18 09:32:09.966]:DEBUG 123 hello
[2024-04-18 09:32:09.966]:INFO
[2024-04-18 09:32:09.966]:WARN
[2024-04-18 09:32:09.966]:ERROR
[2024-04-18 09:32:09.966]:FATAL
[2024-04-18 09:32:10.076]:debug
[2024-04-18 09:32:10.076]:info
[2024-04-18 09:32:10.076]:warn
[2024-04-18 09:32:10.076]:error
[2024-04-18 09:32:10.076]:fatal
[2024-04-18 09:32:10.076]:qDebug
[2024-04-18 09:32:10.076]:qInfo
[2024-04-18 09:32:10.076]:qWarning
[2024-04-18 09:32:10.076]:qCritical
[2024-04-18 09:32:10.076]:DEBUG 123 hello
[2024-04-18 09:32:10.076]:INFO
[2024-04-18 09:32:10.076]:WARN
[2024-04-18 09:32:10.076]:ERROR
[2024-04-18 09:32:10.076]:FATAL
[2024-04-18 09:32:10.184]:debug
[2024-04-18 09:32:10.184]:info
[2024-04-18 09:32:10.184]:warn
[2024-04-18 09:32:10.184]:error
[2024-04-18 09:32:10.184]:fatal
[2024-04-18 09:32:10.184]:qDebug
[2024-04-18 09:32:10.184]:qInfo
[2024-04-18 09:32:10.184]:qWarning
[2024-04-18 09:32:10.184]:qCritical
[2024-04-18 09:32:10.184]:DEBUG 123 hello
[2024-04-18 09:32:10.184]:INFO
[2024-04-18 09:32:10.184]:WARN
[2024-04-18 09:32:10.184]:ERROR
[2024-04-18 09:32:10.184]:FATAL
[2024-04-18 09:32:10.293]:debug
[2024-04-18 09:32:10.293]:info
[2024-04-18 09:32:10.293]:warn
[2024-04-18 09:32:10.293]:error
[2024-04-18 09:32:10.293]:fatal
[2024-04-18 09:32:10.293]:qDebug
[2024-04-18 09:32:10.293]:qInfo
[2024-04-18 09:32:10.293]:qWarning
[2024-04-18 09:32:10.293]:qCritical
[2024-04-18 09:32:10.293]:DEBUG 123 hello
[2024-04-18 09:32:10.293]:INFO
[2024-04-18 09:32:10.293]:WARN
[2024-04-18 09:32:10.293]:ERROR
[2024-04-18 09:32:10.293]:FATAL
[2024-04-18 09:32:10.403]:debug
[2024-04-18 09:32:10.403]:info
[2024-04-18 09:32:10.403]:warn
[2024-04-18 09:32:10.403]:error
[2024-04-18 09:32:10.403]:fatal
[2024-04-18 09:32:10.403]:qDebug
[2024-04-18 09:32:10.403]:qInfo
[2024-04-18 09:32:10.403]:qWarning
[2024-04-18 09:32:10.403]:qCritical
[2024-04-18 09:32:10.403]:DEBUG 123 hello
[2024-04-18 09:32:10.403]:INFO
[2024-04-18 09:32:10.403]:WARN
[2024-04-18 09:32:10.403]:ERROR
[2024-04-18 09:32:10.403]:FATAL
[2024-04-18 09:32:10.511]:debug
[2024-04-18 09:32:10.511]:info
[2024-04-18 09:32:10.511]:warn
[2024-04-18 09:32:10.511]:error
[2024-04-18 09:32:10.511]:fatal
[2024-04-18 09:32:10.511]:qDebug
[2024-04-18 09:32:10.511]:qInfo
[2024-04-18 09:32:10.511]:qWarning
[2024-04-18 09:32:10.511]:qCritical
[2024-04-18 09:32:10.511]:DEBUG 123 hello
[2024-04-18 09:32:10.511]:INFO
[2024-04-18 09:32:10.511]:WARN
[2024-04-18 09:32:10.511]:ERROR
[2024-04-18 09:32:10.511]:FATAL
[2024-04-18 09:32:10.620]:debug
[2024-04-18 09:32:10.620]:info
[2024-04-18 09:32:10.620]:warn
[2024-04-18 09:32:10.620]:error
[2024-04-18 09:32:10.620]:fatal
[2024-04-18 09:32:10.620]:qDebug
[2024-04-18 09:32:10.620]:qInfo
[2024-04-18 09:32:10.620]:qWarning
[2024-04-18 09:32:10.620]:qCritical
[2024-04-18 09:32:10.620]:DEBUG 123 hello
[2024-04-18 09:32:10.620]:INFO
[2024-04-18 09:32:10.620]:WARN
[2024-04-18 09:32:10.620]:ERROR
[2024-04-18 09:32:10.620]:FATAL
[2024-04-18 09:32:10.731]:debug
[2024-04-18 09:32:10.731]:info
[2024-04-18 09:32:10.731]:warn
[2024-04-18 09:32:10.731]:error
[2024-04-18 09:32:10.731]:fatal
[2024-04-18 09:32:10.731]:qDebug
[2024-04-18 09:32:10.731]:qInfo
[2024-04-18 09:32:10.731]:qWarning
[2024-04-18 09:32:10.731]:qCritical
[2024-04-18 09:32:10.731]:DEBUG 123 hello
[2024-04-18 09:32:10.731]:INFO
[2024-04-18 09:32:10.731]:WARN
[2024-04-18 09:32:10.731]:ERROR
[2024-04-18 09:32:10.731]:FATAL
[2024-04-18 09:32:10.839]:debug
[2024-04-18 09:32:10.839]:info
[2024-04-18 09:32:10.839]:warn
[2024-04-18 09:32:10.839]:error
[2024-04-18 09:32:10.839]:fatal
[2024-04-18 09:32:10.839]:qDebug
[2024-04-18 09:32:10.839]:qInfo
[2024-04-18 09:32:10.839]:qWarning
[2024-04-18 09:32:10.839]:qCritical
[2024-04-18 09:32:10.839]:DEBUG 123 hello
[2024-04-18 09:32:10.839]:INFO
[2024-04-18 09:32:10.839]:WARN
[2024-04-18 09:32:10.839]:ERROR
[2024-04-18 09:32:10.839]:FATAL
[2024-04-18 09:32:10.948]:debug
[2024-04-18 09:32:10.948]:info
[2024-04-18 09:32:10.948]:warn
[2024-04-18 09:32:10.948]:error
[2024-04-18 09:32:10.948]:fatal
[2024-04-18 09:32:10.948]:qDebug
[2024-04-18 09:32:10.948]:qInfo
[2024-04-18 09:32:10.948]:qWarning
[2024-04-18 09:32:10.948]:qCritical
[2024-04-18 09:32:10.948]:DEBUG 123 hello
[2024-04-18 09:32:10.948]:INFO
[2024-04-18 09:32:10.948]:WARN
[2024-04-18 09:32:10.948]:ERROR
[2024-04-18 09:32:10.948]:FATAL
[2024-04-18 09:32:11.051]:Shutting down Hierarchy
